Removed Member From Class: ClassName=C1_P1_Nets Member=+12_P1
Removed Member From Class: ClassName=C1_P2_Nets Member=+12_P1
Removed Member From Class: ClassName=C1_P3_Nets Member=+12_P1
Removed Member From Class: ClassName=C2_P1_Nets Member=+12_P1
Removed Member From Class: ClassName=C2_P2_Nets Member=+12_P1
Removed Member From Class: ClassName=C2_P3_Nets Member=+12_P1
Removed Member From Class: ClassName=Q1_P1_Nets Member=+12_P1
Removed Member From Class: ClassName=Q1_P2_Nets Member=+12_P1
Removed Member From Class: ClassName=Q1_P3_Nets Member=+12_P1
Removed Member From Class: ClassName=R_BOOT_P1_Nets Member=+12_P1
Removed Member From Class: ClassName=R_BOOT_P2_Nets Member=+12_P1
Removed Member From Class: ClassName=R_BOOT_P3_Nets Member=+12_P1
Removed Member From Class: ClassName=C3_P1_Nets Member=+120_P1
Removed Member From Class: ClassName=C3_P2_Nets Member=+120_P1
Removed Member From Class: ClassName=C3_P3_Nets Member=+120_P1
Removed Member From Class: ClassName=Q_HO_P1_Nets Member=+120_P1
Removed Member From Class: ClassName=Q_HO_P2_Nets Member=+120_P1
Removed Member From Class: ClassName=Q_HO_P3_Nets Member=+120_P1
Change Component Footprint: Designator=C3_P1 Old Footprint=TDK-C5750-2_M New Footprint=TDK-C5750-2_M
Change Component Footprint: Designator=C3_P2 Old Footprint=TDK-C5750-2_M New Footprint=TDK-C5750-2_M
Change Component Footprint: Designator=C3_P3 Old Footprint=TDK-C5750-2_M New Footprint=TDK-C5750-2_M
Change Component Designator: OldDesignator=C_B_P1 NewDesignator=C_BOOT_P1
Change Component Designator: OldDesignator=D_B_P1 NewDesignator=D_BOOT_P1
Change Component Designator: OldDesignator=R_B_P1 NewDesignator=R_BOOT_P1
Added Component: Designator=C4_C1(1608[0603])
Add component. Clean all parameters for all variants
Add component (AddParameter): Name = "LatestRevisionDate"; Value = "29-May-2009"; VariantName = "[No Variations]"
Add component (AddParameter): Name = "LatestRevisionNote"; Value = "IPC-7351 Footprint Added."; VariantName = "[No Variations]"
Add component (AddParameter): Name = "PackageDescription"; Value = "Chip Capacitor"; VariantName = "[No Variations]"
Add component (AddParameter): Name = "PackageReference"; Value = "C1206"; VariantName = "[No Variations]"
Add component (AddParameter): Name = "Published"; Value = "8-Jun-2000"; VariantName = "[No Variations]"
Add component (AddParameter): Name = "Publisher"; Value = "Altium Limited"; VariantName = "[No Variations]"
Add component (AddParameter): Name = "Value"; Value = "10uF"; VariantName = "[No Variations]"
Added Component: Designator=C4_C2(1608[0603])
Add component. Clean all parameters for all variants
Add component (AddParameter): Name = "LatestRevisionDate"; Value = "29-May-2009"; VariantName = "[No Variations]"
Add component (AddParameter): Name = "LatestRevisionNote"; Value = "IPC-7351 Footprint Added."; VariantName = "[No Variations]"
Add component (AddParameter): Name = "PackageDescription"; Value = "Chip Capacitor"; VariantName = "[No Variations]"
Add component (AddParameter): Name = "PackageReference"; Value = "C1206"; VariantName = "[No Variations]"
Add component (AddParameter): Name = "Published"; Value = "8-Jun-2000"; VariantName = "[No Variations]"
Add component (AddParameter): Name = "Publisher"; Value = "Altium Limited"; VariantName = "[No Variations]"
Add component (AddParameter): Name = "Value"; Value = "10uF"; VariantName = "[No Variations]"
Added Component: Designator=C4_C3(1608[0603])
Add component. Clean all parameters for all variants
Add component (AddParameter): Name = "LatestRevisionDate"; Value = "29-May-2009"; VariantName = "[No Variations]"
Add component (AddParameter): Name = "LatestRevisionNote"; Value = "IPC-7351 Footprint Added."; VariantName = "[No Variations]"
Add component (AddParameter): Name = "PackageDescription"; Value = "Chip Capacitor"; VariantName = "[No Variations]"
Add component (AddParameter): Name = "PackageReference"; Value = "C1206"; VariantName = "[No Variations]"
Add component (AddParameter): Name = "Published"; Value = "8-Jun-2000"; VariantName = "[No Variations]"
Add component (AddParameter): Name = "Publisher"; Value = "Altium Limited"; VariantName = "[No Variations]"
Add component (AddParameter): Name = "Value"; Value = "10uF"; VariantName = "[No Variations]"
Added Component: Designator=C5_C1(1608[0603])
Add component. Clean all parameters for all variants
Add component (AddParameter): Name = "LatestRevisionDate"; Value = "29-May-2009"; VariantName = "[No Variations]"
Add component (AddParameter): Name = "LatestRevisionNote"; Value = "IPC-7351 Footprint Added."; VariantName = "[No Variations]"
Add component (AddParameter): Name = "PackageDescription"; Value = "Chip Capacitor"; VariantName = "[No Variations]"
Add component (AddParameter): Name = "PackageReference"; Value = "C1206"; VariantName = "[No Variations]"
Add component (AddParameter): Name = "Published"; Value = "8-Jun-2000"; VariantName = "[No Variations]"
Add component (AddParameter): Name = "Publisher"; Value = "Altium Limited"; VariantName = "[No Variations]"
Add component (AddParameter): Name = "Value"; Value = "10uF"; VariantName = "[No Variations]"
Added Component: Designator=C5_C2(1608[0603])
Add component. Clean all parameters for all variants
Add component (AddParameter): Name = "LatestRevisionDate"; Value = "29-May-2009"; VariantName = "[No Variations]"
Add component (AddParameter): Name = "LatestRevisionNote"; Value = "IPC-7351 Footprint Added."; VariantName = "[No Variations]"
Add component (AddParameter): Name = "PackageDescription"; Value = "Chip Capacitor"; VariantName = "[No Variations]"
Add component (AddParameter): Name = "PackageReference"; Value = "C1206"; VariantName = "[No Variations]"
Add component (AddParameter): Name = "Published"; Value = "8-Jun-2000"; VariantName = "[No Variations]"
Add component (AddParameter): Name = "Publisher"; Value = "Altium Limited"; VariantName = "[No Variations]"
Add component (AddParameter): Name = "Value"; Value = "10uF"; VariantName = "[No Variations]"
Added Component: Designator=C5_C3(1608[0603])
Add component. Clean all parameters for all variants
Add component (AddParameter): Name = "LatestRevisionDate"; Value = "29-May-2009"; VariantName = "[No Variations]"
Add component (AddParameter): Name = "LatestRevisionNote"; Value = "IPC-7351 Footprint Added."; VariantName = "[No Variations]"
Add component (AddParameter): Name = "PackageDescription"; Value = "Chip Capacitor"; VariantName = "[No Variations]"
Add component (AddParameter): Name = "PackageReference"; Value = "C1206"; VariantName = "[No Variations]"
Add component (AddParameter): Name = "Published"; Value = "8-Jun-2000"; VariantName = "[No Variations]"
Add component (AddParameter): Name = "Publisher"; Value = "Altium Limited"; VariantName = "[No Variations]"
Add component (AddParameter): Name = "Value"; Value = "10uF"; VariantName = "[No Variations]"
Added Component: Designator=R1_C1(Res_2512)
Add component. Clean all parameters for all variants
Add component (AddParameter): Name = "LatestRevisionDate"; Value = "29-May-2009"; VariantName = "[No Variations]"
Add component (AddParameter): Name = "LatestRevisionNote"; Value = "IPC-7351 Footprint Added."; VariantName = "[No Variations]"
Add component (AddParameter): Name = "PackageDescription"; Value = "Chip Resistor"; VariantName = "[No Variations]"
Add component (AddParameter): Name = "PackageReference"; Value = "J1-0603"; VariantName = "[No Variations]"
Add component (AddParameter): Name = "Published"; Value = "8-Jun-2000"; VariantName = "[No Variations]"
Add component (AddParameter): Name = "Publisher"; Value = "Altium Limited"; VariantName = "[No Variations]"
Add component (AddParameter): Name = "Value"; Value = "2Meg"; VariantName = "[No Variations]"
Added Component: Designator=R1_C2(Res_2512)
Add component. Clean all parameters for all variants
Add component (AddParameter): Name = "LatestRevisionDate"; Value = "29-May-2009"; VariantName = "[No Variations]"
Add component (AddParameter): Name = "LatestRevisionNote"; Value = "IPC-7351 Footprint Added."; VariantName = "[No Variations]"
Add component (AddParameter): Name = "PackageDescription"; Value = "Chip Resistor"; VariantName = "[No Variations]"
Add component (AddParameter): Name = "PackageReference"; Value = "J1-0603"; VariantName = "[No Variations]"
Add component (AddParameter): Name = "Published"; Value = "8-Jun-2000"; VariantName = "[No Variations]"
Add component (AddParameter): Name = "Publisher"; Value = "Altium Limited"; VariantName = "[No Variations]"
Add component (AddParameter): Name = "Value"; Value = "2Meg"; VariantName = "[No Variations]"
Added Component: Designator=R1_C3(Res_2512)
Add component. Clean all parameters for all variants
Add component (AddParameter): Name = "LatestRevisionDate"; Value = "29-May-2009"; VariantName = "[No Variations]"
Add component (AddParameter): Name = "LatestRevisionNote"; Value = "IPC-7351 Footprint Added."; VariantName = "[No Variations]"
Add component (AddParameter): Name = "PackageDescription"; Value = "Chip Resistor"; VariantName = "[No Variations]"
Add component (AddParameter): Name = "PackageReference"; Value = "J1-0603"; VariantName = "[No Variations]"
Add component (AddParameter): Name = "Published"; Value = "8-Jun-2000"; VariantName = "[No Variations]"
Add component (AddParameter): Name = "Publisher"; Value = "Altium Limited"; VariantName = "[No Variations]"
Add component (AddParameter): Name = "Value"; Value = "2Meg"; VariantName = "[No Variations]"
Added Component: Designator=R2_C1(J1-0603)
Add component. Clean all parameters for all variants
Add component (AddParameter): Name = "LatestRevisionDate"; Value = "29-May-2009"; VariantName = "[No Variations]"
Add component (AddParameter): Name = "LatestRevisionNote"; Value = "IPC-7351 Footprint Added."; VariantName = "[No Variations]"
Add component (AddParameter): Name = "PackageDescription"; Value = "Chip Resistor"; VariantName = "[No Variations]"
Add component (AddParameter): Name = "PackageReference"; Value = "J1-0603"; VariantName = "[No Variations]"
Add component (AddParameter): Name = "Published"; Value = "8-Jun-2000"; VariantName = "[No Variations]"
Add component (AddParameter): Name = "Publisher"; Value = "Altium Limited"; VariantName = "[No Variations]"
Add component (AddParameter): Name = "Value"; Value = "4.7K"; VariantName = "[No Variations]"
Added Component: Designator=R2_C2(J1-0603)
Add component. Clean all parameters for all variants
Add component (AddParameter): Name = "LatestRevisionDate"; Value = "29-May-2009"; VariantName = "[No Variations]"
Add component (AddParameter): Name = "LatestRevisionNote"; Value = "IPC-7351 Footprint Added."; VariantName = "[No Variations]"
Add component (AddParameter): Name = "PackageDescription"; Value = "Chip Resistor"; VariantName = "[No Variations]"
Add component (AddParameter): Name = "PackageReference"; Value = "J1-0603"; VariantName = "[No Variations]"
Add component (AddParameter): Name = "Published"; Value = "8-Jun-2000"; VariantName = "[No Variations]"
Add component (AddParameter): Name = "Publisher"; Value = "Altium Limited"; VariantName = "[No Variations]"
Add component (AddParameter): Name = "Value"; Value = "4.7K"; VariantName = "[No Variations]"
Added Component: Designator=R2_C3(J1-0603)
Add component. Clean all parameters for all variants
Add component (AddParameter): Name = "LatestRevisionDate"; Value = "29-May-2009"; VariantName = "[No Variations]"
Add component (AddParameter): Name = "LatestRevisionNote"; Value = "IPC-7351 Footprint Added."; VariantName = "[No Variations]"
Add component (AddParameter): Name = "PackageDescription"; Value = "Chip Resistor"; VariantName = "[No Variations]"
Add component (AddParameter): Name = "PackageReference"; Value = "J1-0603"; VariantName = "[No Variations]"
Add component (AddParameter): Name = "Published"; Value = "8-Jun-2000"; VariantName = "[No Variations]"
Add component (AddParameter): Name = "Publisher"; Value = "Altium Limited"; VariantName = "[No Variations]"
Add component (AddParameter): Name = "Value"; Value = "4.7K"; VariantName = "[No Variations]"
Added Component: Designator=R3_C1(J1-0603)
Add component. Clean all parameters for all variants
Add component (AddParameter): Name = "LatestRevisionDate"; Value = "29-May-2009"; VariantName = "[No Variations]"
Add component (AddParameter): Name = "LatestRevisionNote"; Value = "IPC-7351 Footprint Added."; VariantName = "[No Variations]"
Add component (AddParameter): Name = "PackageDescription"; Value = "Chip Resistor"; VariantName = "[No Variations]"
Add component (AddParameter): Name = "PackageReference"; Value = "J1-0603"; VariantName = "[No Variations]"
Add component (AddParameter): Name = "Published"; Value = "8-Jun-2000"; VariantName = "[No Variations]"
Add component (AddParameter): Name = "Publisher"; Value = "Altium Limited"; VariantName = "[No Variations]"
Add component (AddParameter): Name = "Value"; Value = "300K"; VariantName = "[No Variations]"
Added Component: Designator=R3_C2(J1-0603)
Add component. Clean all parameters for all variants
Add component (AddParameter): Name = "LatestRevisionDate"; Value = "29-May-2009"; VariantName = "[No Variations]"
Add component (AddParameter): Name = "LatestRevisionNote"; Value = "IPC-7351 Footprint Added."; VariantName = "[No Variations]"
Add component (AddParameter): Name = "PackageDescription"; Value = "Chip Resistor"; VariantName = "[No Variations]"
Add component (AddParameter): Name = "PackageReference"; Value = "J1-0603"; VariantName = "[No Variations]"
Add component (AddParameter): Name = "Published"; Value = "8-Jun-2000"; VariantName = "[No Variations]"
Add component (AddParameter): Name = "Publisher"; Value = "Altium Limited"; VariantName = "[No Variations]"
Add component (AddParameter): Name = "Value"; Value = "300K"; VariantName = "[No Variations]"
Added Component: Designator=R3_C3(J1-0603)
Add component. Clean all parameters for all variants
Add component (AddParameter): Name = "LatestRevisionDate"; Value = "29-May-2009"; VariantName = "[No Variations]"
Add component (AddParameter): Name = "LatestRevisionNote"; Value = "IPC-7351 Footprint Added."; VariantName = "[No Variations]"
Add component (AddParameter): Name = "PackageDescription"; Value = "Chip Resistor"; VariantName = "[No Variations]"
Add component (AddParameter): Name = "PackageReference"; Value = "J1-0603"; VariantName = "[No Variations]"
Add component (AddParameter): Name = "Published"; Value = "8-Jun-2000"; VariantName = "[No Variations]"
Add component (AddParameter): Name = "Publisher"; Value = "Altium Limited"; VariantName = "[No Variations]"
Add component (AddParameter): Name = "Value"; Value = "300K"; VariantName = "[No Variations]"
Added Component: Designator=U1_C1(D0008A_N)
Add component. Clean all parameters for all variants
Add component (AddParameter): Name = "Channel"; Value = ""; VariantName = "[No Variations]"
Add component (AddParameter): Name = "CMRR(Min)(dB)"; Value = "58"; VariantName = "[No Variations]"
Add component (AddParameter): Name = "Code_JEDEC"; Value = "MS-012"; VariantName = "[No Variations]"
Add component (AddParameter): Name = "ComponentLink1Description"; Value = "Manufacturer URL"; VariantName = "[No Variations]"
Add component (AddParameter): Name = "ComponentLink1URL"; Value = "http://www.ti.com/"; VariantName = "[No Variations]"
Add component (AddParameter): Name = "ComponentLink2Description"; Value = "Datasheet"; VariantName = "[No Variations]"
Add component (AddParameter): Name = "ComponentLink2URL"; Value = "http://www.ti.com/lit/ds/symlink/tlv272.pdf"; VariantName = "[No Variations]"
Add component (AddParameter): Name = "ComponentLink3Description"; Value = "Package Specification"; VariantName = "[No Variations]"
Add component (AddParameter): Name = "ComponentLink3URL"; Value = "http://www.ti.com/litv/pdf/msoi002j"; VariantName = "[No Variations]"
Add component (AddParameter): Name = "DatasheetVersion"; Value = "SLOS351D"; VariantName = "[No Variations]"
Add component (AddParameter): Name = "Eco-Plan"; Value = "Green (RoHS & no Sb/Br)"; VariantName = "[No Variations]"
Add component (AddParameter): Name = "Gain Bandwidth"; Value = ""; VariantName = "[No Variations]"
Add component (AddParameter): Name = "GBW(Typ)(MHz)"; Value = "2.4"; VariantName = "[No Variations]"
Add component (AddParameter): Name = "IIB(Max)(pA)"; Value = "60"; VariantName = "[No Variations]"
Add component (AddParameter): Name = "Iq per channel(Max)(mA)"; Value = "0.56"; VariantName = "[No Variations]"
Add component (AddParameter): Name = "Manufacturer"; Value = "Texas Instruments"; VariantName = "[No Variations]"
Add component (AddParameter): Name = "Mounting Technology"; Value = "Surface Mount"; VariantName = "[No Variations]"
Add component (AddParameter): Name = "Number of Channels"; Value = "2"; VariantName = "[No Variations]"
Add component (AddParameter): Name = "Offset Drift(Typ)(uV/C)"; Value = "2"; VariantName = "[No Variations]"
Add component (AddParameter): Name = "PackageDescription"; Value = "8-Pin Plastic Small Outline, Body 4.9 x 3.9 mm, Pitch 1.27 mm"; VariantName = "[No Variations]"
Add component (AddParameter): Name = "PackageReference"; Value = "D0008A"; VariantName = "[No Variations]"
Add component (AddParameter): Name = "PackageVersion"; Value = "4040047-3/M, 06/2011"; VariantName = "[No Variations]"
Add component (AddParameter): Name = "Packing"; Value = "LARGE T&R"; VariantName = "[No Variations]"
Add component (AddParameter): Name = "PartNumber"; Value = "TLV272IDR"; VariantName = "[No Variations]"
Add component (AddParameter): Name = "Rating"; Value = "Catalog"; VariantName = "[No Variations]"
Add component (AddParameter): Name = "RevisionNote"; Value = ""; VariantName = "[No Variations]"
Add component (AddParameter): Name = "RoHS"; Value = ""; VariantName = "[No Variations]"
Add component (AddParameter): Name = "Slew Rate"; Value = ""; VariantName = "[No Variations]"
Add component (AddParameter): Name = "Slew Rate(Typ)(V/us)"; Value = "2.1"; VariantName = "[No Variations]"
Add component (AddParameter): Name = "Sub Family"; Value = "Low Supply Voltage Amplifier (<=2.7V), Precision Amplifier"; VariantName = "[No Variations]"
Add component (AddParameter): Name = "SubFamily"; Value = ""; VariantName = "[No Variations]"
Add component (AddParameter): Name = "Supply Voltage Max"; Value = ""; VariantName = "[No Variations]"
Add component (AddParameter): Name = "Supply Voltage Min"; Value = ""; VariantName = "[No Variations]"
Add component (AddParameter): Name = "Temperature Max"; Value = ""; VariantName = "[No Variations]"
Add component (AddParameter): Name = "Temperature Min"; Value = ""; VariantName = "[No Variations]"
Add component (AddParameter): Name = "Total Supply Voltage(Max)(+5V is 5, +/-5V is 10)"; Value = "16"; VariantName = "[No Variations]"
Add component (AddParameter): Name = "Total Supply Voltage(Min)(+5V is 5, +/-5V is 10)"; Value = "2.7"; VariantName = "[No Variations]"
Add component (AddParameter): Name = "Vio (25C)(Max)(mV)"; Value = "5"; VariantName = "[No Variations]"
Add component (AddParameter): Name = "Vmax(V)"; Value = ""; VariantName = "[No Variations]"
Add component (AddParameter): Name = "Vmin(V)"; Value = ""; VariantName = "[No Variations]"
Add component (AddParameter): Name = "Vn at 1kHz(Typ)(nV/rtHz)"; Value = ""; VariantName = "[No Variations]"
Added Component: Designator=U1_C2(D0008A_N)
Add component. Clean all parameters for all variants
Add component (AddParameter): Name = "Channel"; Value = ""; VariantName = "[No Variations]"
Add component (AddParameter): Name = "CMRR(Min)(dB)"; Value = "58"; VariantName = "[No Variations]"
Add component (AddParameter): Name = "Code_JEDEC"; Value = "MS-012"; VariantName = "[No Variations]"
Add component (AddParameter): Name = "ComponentLink1Description"; Value = "Manufacturer URL"; VariantName = "[No Variations]"
Add component (AddParameter): Name = "ComponentLink1URL"; Value = "http://www.ti.com/"; VariantName = "[No Variations]"
Add component (AddParameter): Name = "ComponentLink2Description"; Value = "Datasheet"; VariantName = "[No Variations]"
Add component (AddParameter): Name = "ComponentLink2URL"; Value = "http://www.ti.com/lit/ds/symlink/tlv272.pdf"; VariantName = "[No Variations]"
Add component (AddParameter): Name = "ComponentLink3Description"; Value = "Package Specification"; VariantName = "[No Variations]"
Add component (AddParameter): Name = "ComponentLink3URL"; Value = "http://www.ti.com/litv/pdf/msoi002j"; VariantName = "[No Variations]"
Add component (AddParameter): Name = "DatasheetVersion"; Value = "SLOS351D"; VariantName = "[No Variations]"
Add component (AddParameter): Name = "Eco-Plan"; Value = "Green (RoHS & no Sb/Br)"; VariantName = "[No Variations]"
Add component (AddParameter): Name = "Gain Bandwidth"; Value = ""; VariantName = "[No Variations]"
Add component (AddParameter): Name = "GBW(Typ)(MHz)"; Value = "2.4"; VariantName = "[No Variations]"
Add component (AddParameter): Name = "IIB(Max)(pA)"; Value = "60"; VariantName = "[No Variations]"
Add component (AddParameter): Name = "Iq per channel(Max)(mA)"; Value = "0.56"; VariantName = "[No Variations]"
Add component (AddParameter): Name = "Manufacturer"; Value = "Texas Instruments"; VariantName = "[No Variations]"
Add component (AddParameter): Name = "Mounting Technology"; Value = "Surface Mount"; VariantName = "[No Variations]"
Add component (AddParameter): Name = "Number of Channels"; Value = "2"; VariantName = "[No Variations]"
Add component (AddParameter): Name = "Offset Drift(Typ)(uV/C)"; Value = "2"; VariantName = "[No Variations]"
Add component (AddParameter): Name = "PackageDescription"; Value = "8-Pin Plastic Small Outline, Body 4.9 x 3.9 mm, Pitch 1.27 mm"; VariantName = "[No Variations]"
Add component (AddParameter): Name = "PackageReference"; Value = "D0008A"; VariantName = "[No Variations]"
Add component (AddParameter): Name = "PackageVersion"; Value = "4040047-3/M, 06/2011"; VariantName = "[No Variations]"
Add component (AddParameter): Name = "Packing"; Value = "LARGE T&R"; VariantName = "[No Variations]"
Add component (AddParameter): Name = "PartNumber"; Value = "TLV272IDR"; VariantName = "[No Variations]"
Add component (AddParameter): Name = "Rating"; Value = "Catalog"; VariantName = "[No Variations]"
Add component (AddParameter): Name = "RevisionNote"; Value = ""; VariantName = "[No Variations]"
Add component (AddParameter): Name = "RoHS"; Value = ""; VariantName = "[No Variations]"
Add component (AddParameter): Name = "Slew Rate"; Value = ""; VariantName = "[No Variations]"
Add component (AddParameter): Name = "Slew Rate(Typ)(V/us)"; Value = "2.1"; VariantName = "[No Variations]"
Add component (AddParameter): Name = "Sub Family"; Value = "Low Supply Voltage Amplifier (<=2.7V), Precision Amplifier"; VariantName = "[No Variations]"
Add component (AddParameter): Name = "SubFamily"; Value = ""; VariantName = "[No Variations]"
Add component (AddParameter): Name = "Supply Voltage Max"; Value = ""; VariantName = "[No Variations]"
Add component (AddParameter): Name = "Supply Voltage Min"; Value = ""; VariantName = "[No Variations]"
Add component (AddParameter): Name = "Temperature Max"; Value = ""; VariantName = "[No Variations]"
Add component (AddParameter): Name = "Temperature Min"; Value = ""; VariantName = "[No Variations]"
Add component (AddParameter): Name = "Total Supply Voltage(Max)(+5V is 5, +/-5V is 10)"; Value = "16"; VariantName = "[No Variations]"
Add component (AddParameter): Name = "Total Supply Voltage(Min)(+5V is 5, +/-5V is 10)"; Value = "2.7"; VariantName = "[No Variations]"
Add component (AddParameter): Name = "Vio (25C)(Max)(mV)"; Value = "5"; VariantName = "[No Variations]"
Add component (AddParameter): Name = "Vmax(V)"; Value = ""; VariantName = "[No Variations]"
Add component (AddParameter): Name = "Vmin(V)"; Value = ""; VariantName = "[No Variations]"
Add component (AddParameter): Name = "Vn at 1kHz(Typ)(nV/rtHz)"; Value = ""; VariantName = "[No Variations]"
Added Component: Designator=U1_C3(D0008A_N)
Add component. Clean all parameters for all variants
Add component (AddParameter): Name = "Channel"; Value = ""; VariantName = "[No Variations]"
Add component (AddParameter): Name = "CMRR(Min)(dB)"; Value = "58"; VariantName = "[No Variations]"
Add component (AddParameter): Name = "Code_JEDEC"; Value = "MS-012"; VariantName = "[No Variations]"
Add component (AddParameter): Name = "ComponentLink1Description"; Value = "Manufacturer URL"; VariantName = "[No Variations]"
Add component (AddParameter): Name = "ComponentLink1URL"; Value = "http://www.ti.com/"; VariantName = "[No Variations]"
Add component (AddParameter): Name = "ComponentLink2Description"; Value = "Datasheet"; VariantName = "[No Variations]"
Add component (AddParameter): Name = "ComponentLink2URL"; Value = "http://www.ti.com/lit/ds/symlink/tlv272.pdf"; VariantName = "[No Variations]"
Add component (AddParameter): Name = "ComponentLink3Description"; Value = "Package Specification"; VariantName = "[No Variations]"
Add component (AddParameter): Name = "ComponentLink3URL"; Value = "http://www.ti.com/litv/pdf/msoi002j"; VariantName = "[No Variations]"
Add component (AddParameter): Name = "DatasheetVersion"; Value = "SLOS351D"; VariantName = "[No Variations]"
Add component (AddParameter): Name = "Eco-Plan"; Value = "Green (RoHS & no Sb/Br)"; VariantName = "[No Variations]"
Add component (AddParameter): Name = "Gain Bandwidth"; Value = ""; VariantName = "[No Variations]"
Add component (AddParameter): Name = "GBW(Typ)(MHz)"; Value = "2.4"; VariantName = "[No Variations]"
Add component (AddParameter): Name = "IIB(Max)(pA)"; Value = "60"; VariantName = "[No Variations]"
Add component (AddParameter): Name = "Iq per channel(Max)(mA)"; Value = "0.56"; VariantName = "[No Variations]"
Add component (AddParameter): Name = "Manufacturer"; Value = "Texas Instruments"; VariantName = "[No Variations]"
Add component (AddParameter): Name = "Mounting Technology"; Value = "Surface Mount"; VariantName = "[No Variations]"
Add component (AddParameter): Name = "Number of Channels"; Value = "2"; VariantName = "[No Variations]"
Add component (AddParameter): Name = "Offset Drift(Typ)(uV/C)"; Value = "2"; VariantName = "[No Variations]"
Add component (AddParameter): Name = "PackageDescription"; Value = "8-Pin Plastic Small Outline, Body 4.9 x 3.9 mm, Pitch 1.27 mm"; VariantName = "[No Variations]"
Add component (AddParameter): Name = "PackageReference"; Value = "D0008A"; VariantName = "[No Variations]"
Add component (AddParameter): Name = "PackageVersion"; Value = "4040047-3/M, 06/2011"; VariantName = "[No Variations]"
Add component (AddParameter): Name = "Packing"; Value = "LARGE T&R"; VariantName = "[No Variations]"
Add component (AddParameter): Name = "PartNumber"; Value = "TLV272IDR"; VariantName = "[No Variations]"
Add component (AddParameter): Name = "Rating"; Value = "Catalog"; VariantName = "[No Variations]"
Add component (AddParameter): Name = "RevisionNote"; Value = ""; VariantName = "[No Variations]"
Add component (AddParameter): Name = "RoHS"; Value = ""; VariantName = "[No Variations]"
Add component (AddParameter): Name = "Slew Rate"; Value = ""; VariantName = "[No Variations]"
Add component (AddParameter): Name = "Slew Rate(Typ)(V/us)"; Value = "2.1"; VariantName = "[No Variations]"
Add component (AddParameter): Name = "Sub Family"; Value = "Low Supply Voltage Amplifier (<=2.7V), Precision Amplifier"; VariantName = "[No Variations]"
Add component (AddParameter): Name = "SubFamily"; Value = ""; VariantName = "[No Variations]"
Add component (AddParameter): Name = "Supply Voltage Max"; Value = ""; VariantName = "[No Variations]"
Add component (AddParameter): Name = "Supply Voltage Min"; Value = ""; VariantName = "[No Variations]"
Add component (AddParameter): Name = "Temperature Max"; Value = ""; VariantName = "[No Variations]"
Add component (AddParameter): Name = "Temperature Min"; Value = ""; VariantName = "[No Variations]"
Add component (AddParameter): Name = "Total Supply Voltage(Max)(+5V is 5, +/-5V is 10)"; Value = "16"; VariantName = "[No Variations]"
Add component (AddParameter): Name = "Total Supply Voltage(Min)(+5V is 5, +/-5V is 10)"; Value = "2.7"; VariantName = "[No Variations]"
Add component (AddParameter): Name = "Vio (25C)(Max)(mV)"; Value = "5"; VariantName = "[No Variations]"
Add component (AddParameter): Name = "Vmax(V)"; Value = ""; VariantName = "[No Variations]"
Add component (AddParameter): Name = "Vmin(V)"; Value = ""; VariantName = "[No Variations]"
Add component (AddParameter): Name = "Vn at 1kHz(Typ)(nV/rtHz)"; Value = ""; VariantName = "[No Variations]"
Added Component: Designator=U2_C1(HV7802)
Add component. Clean all parameters for all variants
Add component (AddParameter): Name = "datasheet"; Value = "http://ww1.microchip.com/downloads/en/DeviceDoc/HV7802%20A062813.pdf"; VariantName = "[No Variations]"
Added Component: Designator=U2_C2(HV7802)
Add component. Clean all parameters for all variants
Add component (AddParameter): Name = "datasheet"; Value = "http://ww1.microchip.com/downloads/en/DeviceDoc/HV7802%20A062813.pdf"; VariantName = "[No Variations]"
Added Component: Designator=U2_C3(HV7802)
Add component. Clean all parameters for all variants
Add component (AddParameter): Name = "datasheet"; Value = "http://ww1.microchip.com/downloads/en/DeviceDoc/HV7802%20A062813.pdf"; VariantName = "[No Variations]"
Added Pin To Net: NetName=+12_P1 Pin=C4_C1-1
Added Pin To Net: NetName=GND Pin=C4_C1-2
Added Pin To Net: NetName=+12_P1 Pin=C4_C2-1
Added Pin To Net: NetName=GND Pin=C4_C2-2
Added Pin To Net: NetName=+12_P1 Pin=C4_C3-1
Added Pin To Net: NetName=GND Pin=C4_C3-2
Added Pin To Net: NetName=+12_P1 Pin=C5_C1-1
Added Pin To Net: NetName=GND Pin=C5_C1-2
Added Pin To Net: NetName=+12_P1 Pin=C5_C2-1
Added Pin To Net: NetName=GND Pin=C5_C2-2
Added Pin To Net: NetName=+12_P1 Pin=C5_C3-1
Added Pin To Net: NetName=GND Pin=C5_C3-2
Added Pin To Net: NetName=NetF_VS_P1_3 Pin=R1_C1-1
Added Pin To Net: NetName=NetF_VS_P1_3 Pin=R2_C1-2
Added Pin To Net: NetName=GND Pin=R3_C1-1
Added Pin To Net: NetName=GND Pin=R3_C2-1
Added Pin To Net: NetName=GND Pin=R3_C3-1
Added Pin To Net: NetName=GND Pin=U1_C1-4
Added Pin To Net: NetName=+12_P1 Pin=U1_C1-8
Added Pin To Net: NetName=GND Pin=U1_C2-4
Added Pin To Net: NetName=+12_P1 Pin=U1_C2-8
Added Pin To Net: NetName=GND Pin=U1_C3-4
Added Pin To Net: NetName=+12_P1 Pin=U1_C3-8
Added Pin To Net: NetName=NetF_VS_P1_3 Pin=U2_C1-1
Added Pin To Net: NetName=GND Pin=U2_C1-4
Added Pin To Net: NetName=GND Pin=U2_C1-5
Added Pin To Net: NetName=GND Pin=U2_C1-7
Added Pin To Net: NetName=GND Pin=U2_C1-8
Added Pin To Net: NetName=GND Pin=U2_C2-4
Added Pin To Net: NetName=GND Pin=U2_C2-5
Added Pin To Net: NetName=GND Pin=U2_C2-7
Added Pin To Net: NetName=GND Pin=U2_C2-8
Added Pin To Net: NetName=GND Pin=U2_C3-4
Added Pin To Net: NetName=GND Pin=U2_C3-5
Added Pin To Net: NetName=GND Pin=U2_C3-7
Added Pin To Net: NetName=GND Pin=U2_C3-8
Change Net Name : Old Net Name=+12_P1 New Net Name=+12
Change Net Name : Old Net Name=+120_P1 New Net Name=+120
Added Pin To Net: NetName=NetR1_C1_2 Pin=R1_C1-2
Added Pin To Net: NetName=NetR1_C1_2 Pin=U2_C1-3
Added Net: Name=NetR1_C1_2
Added Pin To Net: NetName=NetR1_C2_1 Pin=R1_C2-1
Added Pin To Net: NetName=NetR1_C2_1 Pin=R2_C2-2
Added Pin To Net: NetName=NetR1_C2_1 Pin=U2_C2-1
Added Net: Name=NetR1_C2_1
Added Pin To Net: NetName=NetR1_C2_2 Pin=R1_C2-2
Added Pin To Net: NetName=NetR1_C2_2 Pin=U2_C2-3
Added Net: Name=NetR1_C2_2
Added Pin To Net: NetName=NetR1_C3_1 Pin=R1_C3-1
Added Pin To Net: NetName=NetR1_C3_1 Pin=R2_C3-2
Added Pin To Net: NetName=NetR1_C3_1 Pin=U2_C3-1
Added Net: Name=NetR1_C3_1
Added Pin To Net: NetName=NetR1_C3_2 Pin=R1_C3-2
Added Pin To Net: NetName=NetR1_C3_2 Pin=U2_C3-3
Added Net: Name=NetR1_C3_2
Added Pin To Net: NetName=NetR2_C1_1 Pin=R2_C1-1
Added Pin To Net: NetName=NetR2_C1_1 Pin=U2_C1-2
Added Net: Name=NetR2_C1_1
Added Pin To Net: NetName=NetR2_C2_1 Pin=R2_C2-1
Added Pin To Net: NetName=NetR2_C2_1 Pin=U2_C2-2
Added Net: Name=NetR2_C2_1
Added Pin To Net: NetName=NetR2_C3_1 Pin=R2_C3-1
Added Pin To Net: NetName=NetR2_C3_1 Pin=U2_C3-2
Added Net: Name=NetR2_C3_1
Added Pin To Net: NetName=NetR3_C1_2 Pin=R3_C1-2
Added Pin To Net: NetName=NetR3_C1_2 Pin=U1_C1-3
Added Pin To Net: NetName=NetR3_C1_2 Pin=U2_C1-6
Added Net: Name=NetR3_C1_2
Added Pin To Net: NetName=NetR3_C2_2 Pin=R3_C2-2
Added Pin To Net: NetName=NetR3_C2_2 Pin=U1_C2-3
Added Pin To Net: NetName=NetR3_C2_2 Pin=U2_C2-6
Added Net: Name=NetR3_C2_2
Added Pin To Net: NetName=NetR3_C3_2 Pin=R3_C3-2
Added Pin To Net: NetName=NetR3_C3_2 Pin=U1_C3-3
Added Pin To Net: NetName=NetR3_C3_2 Pin=U2_C3-6
Added Net: Name=NetR3_C3_2
Added Pin To Net: NetName=NetU1_C1_1 Pin=U1_C1-1
Added Pin To Net: NetName=NetU1_C1_1 Pin=U1_C1-2
Added Net: Name=NetU1_C1_1
Added Pin To Net: NetName=NetU1_C2_1 Pin=U1_C2-1
Added Pin To Net: NetName=NetU1_C2_1 Pin=U1_C2-2
Added Net: Name=NetU1_C2_1
Added Pin To Net: NetName=NetU1_C3_1 Pin=U1_C3-1
Added Pin To Net: NetName=NetU1_C3_1 Pin=U1_C3-2
Added Net: Name=NetU1_C3_1
Added Class: Name=C1
Added Class: Name=C2
Added Class: Name=C3
Added Class: Name=C4_C1_Nets
Added Class: Name=C4_C2_Nets
Added Class: Name=C4_C3_Nets
Added Class: Name=C5_C1_Nets
Added Class: Name=C5_C2_Nets
Added Class: Name=C5_C3_Nets
Added Class: Name=R1_C1_Nets
Added Class: Name=R1_C2_Nets
Added Class: Name=R1_C3_Nets
Added Class: Name=R2_C1_Nets
Added Class: Name=R2_C2_Nets
Added Class: Name=R2_C3_Nets
Added Class: Name=R3_C1_Nets
Added Class: Name=R3_C2_Nets
Added Class: Name=R3_C3_Nets
Added Class: Name=U1_C1_Nets
Added Class: Name=U1_C2_Nets
Added Class: Name=U1_C3_Nets
Added Class: Name=U2_C1_Nets
Added Class: Name=U2_C2_Nets
Added Class: Name=U2_C3_Nets
Added Class: Name=Current_Sensing_Phase1
Added Member To Class: ClassName=C1_P1_Nets Member=Wire +12
Added Member To Class: ClassName=C1_P2_Nets Member=Wire +12
Added Member To Class: ClassName=C1_P3_Nets Member=Wire +12
Added Member To Class: ClassName=C2_P1_Nets Member=Wire +12
Added Member To Class: ClassName=C2_P2_Nets Member=Wire +12
Added Member To Class: ClassName=C2_P3_Nets Member=Wire +12
Added Member To Class: ClassName=Q1_P1_Nets Member=Wire +12
Added Member To Class: ClassName=Q1_P2_Nets Member=Wire +12
Added Member To Class: ClassName=Q1_P3_Nets Member=Wire +12
Added Member To Class: ClassName=R_BOOT_P1_Nets Member=Wire +12
Added Member To Class: ClassName=R_BOOT_P2_Nets Member=Wire +12
Added Member To Class: ClassName=R_BOOT_P3_Nets Member=Wire +12
Added Member To Class: ClassName=C3_P1_Nets Member=Wire +120
Added Member To Class: ClassName=C3_P2_Nets Member=Wire +120
Added Member To Class: ClassName=C3_P3_Nets Member=Wire +120
Added Member To Class: ClassName=Q_HO_P1_Nets Member=Wire +120
Added Member To Class: ClassName=Q_HO_P2_Nets Member=Wire +120
Added Member To Class: ClassName=Q_HO_P3_Nets Member=Wire +120
Added Room: Name=C1
Added Room: Name=C2
Added Room: Name=C3
