Removed Pin From Net: NetName=+12 Pin=C4_C1-1
Removed Pin From Net: NetName=GND Pin=C4_C1-2
Removed Pin From Net: NetName=+12 Pin=C4_C2-1
Removed Pin From Net: NetName=GND Pin=C4_C2-2
Removed Pin From Net: NetName=+12 Pin=C4_C3-1
Removed Pin From Net: NetName=GND Pin=C4_C3-2
Removed Pin From Net: NetName=+12 Pin=C5_C1-1
Removed Pin From Net: NetName=GND Pin=C5_C1-2
Removed Pin From Net: NetName=+12 Pin=C5_C2-1
Removed Pin From Net: NetName=GND Pin=C5_C2-2
Removed Pin From Net: NetName=+12 Pin=C5_C3-1
Removed Pin From Net: NetName=GND Pin=C5_C3-2
Removed Pin From Net: NetName=NetC_BOOT_P1_1 Pin=F_VS_P1-1
Removed Pin From Net: NetName=NetC_BOOT_P1_1 Pin=F_VS_P1-2
Removed Pin From Net: NetName=NetC_BOOT_P2_1 Pin=F_VS_P2-1
Removed Pin From Net: NetName=NetC_BOOT_P2_1 Pin=F_VS_P2-2
Removed Pin From Net: NetName=NetC_BOOT_P3_1 Pin=F_VS_P3-1
Removed Pin From Net: NetName=NetC_BOOT_P3_1 Pin=F_VS_P3-2
Removed Pin From Net: NetName=GND Pin=R3_C1-1
Removed Pin From Net: NetName=GND Pin=R3_C2-1
Removed Pin From Net: NetName=GND Pin=R3_C3-1
Removed Pin From Net: NetName=GND Pin=U1_C1-4
Removed Pin From Net: NetName=+12 Pin=U1_C1-8
Removed Pin From Net: NetName=GND Pin=U1_C2-4
Removed Pin From Net: NetName=+12 Pin=U1_C2-8
Removed Pin From Net: NetName=GND Pin=U1_C3-4
Removed Pin From Net: NetName=+12 Pin=U1_C3-8
Removed Pin From Net: NetName=GND Pin=U2_C1-4
Removed Pin From Net: NetName=GND Pin=U2_C1-5
Removed Pin From Net: NetName=GND Pin=U2_C1-7
Removed Pin From Net: NetName=GND Pin=U2_C1-8
Removed Pin From Net: NetName=GND Pin=U2_C2-4
Removed Pin From Net: NetName=GND Pin=U2_C2-5
Removed Pin From Net: NetName=GND Pin=U2_C2-7
Removed Pin From Net: NetName=GND Pin=U2_C2-8
Removed Pin From Net: NetName=GND Pin=U2_C3-4
Removed Pin From Net: NetName=GND Pin=U2_C3-5
Removed Pin From Net: NetName=GND Pin=U2_C3-7
Removed Pin From Net: NetName=GND Pin=U2_C3-8
Removed Member From Class: ClassName=C1 Member=C4_C1
Removed Member From Class: ClassName=C2 Member=C4_C2
Removed Member From Class: ClassName=C3 Member=C4_C3
Removed Member From Class: ClassName=C1 Member=C5_C1
Removed Member From Class: ClassName=C2 Member=C5_C2
Removed Member From Class: ClassName=C3 Member=C5_C3
Removed Member From Class: ClassName=P1 Member=F_VS_P1
Removed Member From Class: ClassName=P2 Member=F_VS_P2
Removed Member From Class: ClassName=P3 Member=F_VS_P3
Removed Member From Class: ClassName=C1 Member=R1_C1
Removed Member From Class: ClassName=C2 Member=R1_C2
Removed Member From Class: ClassName=C3 Member=R1_C3
Removed Member From Class: ClassName=C1 Member=R2_C1
Removed Member From Class: ClassName=C2 Member=R2_C2
Removed Member From Class: ClassName=C3 Member=R2_C3
Removed Member From Class: ClassName=C1 Member=R3_C1
Removed Member From Class: ClassName=C2 Member=R3_C2
Removed Member From Class: ClassName=C3 Member=R3_C3
Removed Member From Class: ClassName=C1 Member=U1_C1
Removed Member From Class: ClassName=C2 Member=U1_C2
Removed Member From Class: ClassName=C3 Member=U1_C3
Removed Member From Class: ClassName=C1 Member=U2_C1
Removed Member From Class: ClassName=C2 Member=U2_C2
Removed Member From Class: ClassName=C3 Member=U2_C3
Added Component: Designator=C4_S1(1608[0603])
Add component. Clean all parameters for all variants
Add component (AddParameter): Name = "LatestRevisionDate"; Value = "29-May-2009"; VariantName = "[No Variations]"
Add component (AddParameter): Name = "LatestRevisionNote"; Value = "IPC-7351 Footprint Added."; VariantName = "[No Variations]"
Add component (AddParameter): Name = "PackageDescription"; Value = "Chip Capacitor"; VariantName = "[No Variations]"
Add component (AddParameter): Name = "PackageReference"; Value = "C1206"; VariantName = "[No Variations]"
Add component (AddParameter): Name = "Published"; Value = "8-Jun-2000"; VariantName = "[No Variations]"
Add component (AddParameter): Name = "Publisher"; Value = "Altium Limited"; VariantName = "[No Variations]"
Add component (AddParameter): Name = "Value"; Value = "10uF"; VariantName = "[No Variations]"
Added Component: Designator=C4_S2(1608[0603])
Add component. Clean all parameters for all variants
Add component (AddParameter): Name = "LatestRevisionDate"; Value = "29-May-2009"; VariantName = "[No Variations]"
Add component (AddParameter): Name = "LatestRevisionNote"; Value = "IPC-7351 Footprint Added."; VariantName = "[No Variations]"
Add component (AddParameter): Name = "PackageDescription"; Value = "Chip Capacitor"; VariantName = "[No Variations]"
Add component (AddParameter): Name = "PackageReference"; Value = "C1206"; VariantName = "[No Variations]"
Add component (AddParameter): Name = "Published"; Value = "8-Jun-2000"; VariantName = "[No Variations]"
Add component (AddParameter): Name = "Publisher"; Value = "Altium Limited"; VariantName = "[No Variations]"
Add component (AddParameter): Name = "Value"; Value = "10uF"; VariantName = "[No Variations]"
Added Component: Designator=C4_S3(1608[0603])
Add component. Clean all parameters for all variants
Add component (AddParameter): Name = "LatestRevisionDate"; Value = "29-May-2009"; VariantName = "[No Variations]"
Add component (AddParameter): Name = "LatestRevisionNote"; Value = "IPC-7351 Footprint Added."; VariantName = "[No Variations]"
Add component (AddParameter): Name = "PackageDescription"; Value = "Chip Capacitor"; VariantName = "[No Variations]"
Add component (AddParameter): Name = "PackageReference"; Value = "C1206"; VariantName = "[No Variations]"
Add component (AddParameter): Name = "Published"; Value = "8-Jun-2000"; VariantName = "[No Variations]"
Add component (AddParameter): Name = "Publisher"; Value = "Altium Limited"; VariantName = "[No Variations]"
Add component (AddParameter): Name = "Value"; Value = "10uF"; VariantName = "[No Variations]"
Added Component: Designator=C5_S1(1608[0603])
Add component. Clean all parameters for all variants
Add component (AddParameter): Name = "LatestRevisionDate"; Value = "29-May-2009"; VariantName = "[No Variations]"
Add component (AddParameter): Name = "LatestRevisionNote"; Value = "IPC-7351 Footprint Added."; VariantName = "[No Variations]"
Add component (AddParameter): Name = "PackageDescription"; Value = "Chip Capacitor"; VariantName = "[No Variations]"
Add component (AddParameter): Name = "PackageReference"; Value = "C1206"; VariantName = "[No Variations]"
Add component (AddParameter): Name = "Published"; Value = "8-Jun-2000"; VariantName = "[No Variations]"
Add component (AddParameter): Name = "Publisher"; Value = "Altium Limited"; VariantName = "[No Variations]"
Add component (AddParameter): Name = "Value"; Value = "10uF"; VariantName = "[No Variations]"
Added Component: Designator=C5_S2(1608[0603])
Add component. Clean all parameters for all variants
Add component (AddParameter): Name = "LatestRevisionDate"; Value = "29-May-2009"; VariantName = "[No Variations]"
Add component (AddParameter): Name = "LatestRevisionNote"; Value = "IPC-7351 Footprint Added."; VariantName = "[No Variations]"
Add component (AddParameter): Name = "PackageDescription"; Value = "Chip Capacitor"; VariantName = "[No Variations]"
Add component (AddParameter): Name = "PackageReference"; Value = "C1206"; VariantName = "[No Variations]"
Add component (AddParameter): Name = "Published"; Value = "8-Jun-2000"; VariantName = "[No Variations]"
Add component (AddParameter): Name = "Publisher"; Value = "Altium Limited"; VariantName = "[No Variations]"
Add component (AddParameter): Name = "Value"; Value = "10uF"; VariantName = "[No Variations]"
Added Component: Designator=C5_S3(1608[0603])
Add component. Clean all parameters for all variants
Add component (AddParameter): Name = "LatestRevisionDate"; Value = "29-May-2009"; VariantName = "[No Variations]"
Add component (AddParameter): Name = "LatestRevisionNote"; Value = "IPC-7351 Footprint Added."; VariantName = "[No Variations]"
Add component (AddParameter): Name = "PackageDescription"; Value = "Chip Capacitor"; VariantName = "[No Variations]"
Add component (AddParameter): Name = "PackageReference"; Value = "C1206"; VariantName = "[No Variations]"
Add component (AddParameter): Name = "Published"; Value = "8-Jun-2000"; VariantName = "[No Variations]"
Add component (AddParameter): Name = "Publisher"; Value = "Altium Limited"; VariantName = "[No Variations]"
Add component (AddParameter): Name = "Value"; Value = "10uF"; VariantName = "[No Variations]"
Added Component: Designator=F_S1(KSTN-3568_V)
Add component. Clean all parameters for all variants
Add component (AddParameter): Name = "Datasheet URL"; Value = "https://datasheet.ciiva.com/16294/m60-2p40-16294706.pdf"; VariantName = "[No Variations]"
Add component (AddParameter): Name = "Datasheet Version"; Value = "04/2013"; VariantName = "[No Variations]"
Add component (AddParameter): Name = "Manufacturer"; Value = "Keystone"; VariantName = "[No Variations]"
Add component (AddParameter): Name = "Manufacturer URL"; Value = "http://www.keyelco.com/"; VariantName = "[No Variations]"
Add component (AddParameter): Name = "Mounting Technology"; Value = "ThroughHole"; VariantName = "[No Variations]"
Add component (AddParameter): Name = "Package Description"; Value = "4-Pin Through Hole Device, Body 16 x 6.73 mm, Pitch 9.9 mm"; VariantName = "[No Variations]"
Add component (AddParameter): Name = "Package Reference"; Value = "3568"; VariantName = "[No Variations]"
Added Component: Designator=F_S2(KSTN-3568_V)
Add component. Clean all parameters for all variants
Add component (AddParameter): Name = "Datasheet URL"; Value = "https://datasheet.ciiva.com/16294/m60-2p40-16294706.pdf"; VariantName = "[No Variations]"
Add component (AddParameter): Name = "Datasheet Version"; Value = "04/2013"; VariantName = "[No Variations]"
Add component (AddParameter): Name = "Manufacturer"; Value = "Keystone"; VariantName = "[No Variations]"
Add component (AddParameter): Name = "Manufacturer URL"; Value = "http://www.keyelco.com/"; VariantName = "[No Variations]"
Add component (AddParameter): Name = "Mounting Technology"; Value = "ThroughHole"; VariantName = "[No Variations]"
Add component (AddParameter): Name = "Package Description"; Value = "4-Pin Through Hole Device, Body 16 x 6.73 mm, Pitch 9.9 mm"; VariantName = "[No Variations]"
Add component (AddParameter): Name = "Package Reference"; Value = "3568"; VariantName = "[No Variations]"
Added Component: Designator=F_S3(KSTN-3568_V)
Add component. Clean all parameters for all variants
Add component (AddParameter): Name = "Datasheet URL"; Value = "https://datasheet.ciiva.com/16294/m60-2p40-16294706.pdf"; VariantName = "[No Variations]"
Add component (AddParameter): Name = "Datasheet Version"; Value = "04/2013"; VariantName = "[No Variations]"
Add component (AddParameter): Name = "Manufacturer"; Value = "Keystone"; VariantName = "[No Variations]"
Add component (AddParameter): Name = "Manufacturer URL"; Value = "http://www.keyelco.com/"; VariantName = "[No Variations]"
Add component (AddParameter): Name = "Mounting Technology"; Value = "ThroughHole"; VariantName = "[No Variations]"
Add component (AddParameter): Name = "Package Description"; Value = "4-Pin Through Hole Device, Body 16 x 6.73 mm, Pitch 9.9 mm"; VariantName = "[No Variations]"
Add component (AddParameter): Name = "Package Reference"; Value = "3568"; VariantName = "[No Variations]"
Added Component: Designator=R1_S1(Res_2512)
Add component. Clean all parameters for all variants
Add component (AddParameter): Name = "LatestRevisionDate"; Value = "29-May-2009"; VariantName = "[No Variations]"
Add component (AddParameter): Name = "LatestRevisionNote"; Value = "IPC-7351 Footprint Added."; VariantName = "[No Variations]"
Add component (AddParameter): Name = "PackageDescription"; Value = "Chip Resistor"; VariantName = "[No Variations]"
Add component (AddParameter): Name = "PackageReference"; Value = "J1-0603"; VariantName = "[No Variations]"
Add component (AddParameter): Name = "Published"; Value = "8-Jun-2000"; VariantName = "[No Variations]"
Add component (AddParameter): Name = "Publisher"; Value = "Altium Limited"; VariantName = "[No Variations]"
Add component (AddParameter): Name = "Value"; Value = "2m"; VariantName = "[No Variations]"
Added Component: Designator=R1_S2(Res_2512)
Add component. Clean all parameters for all variants
Add component (AddParameter): Name = "LatestRevisionDate"; Value = "29-May-2009"; VariantName = "[No Variations]"
Add component (AddParameter): Name = "LatestRevisionNote"; Value = "IPC-7351 Footprint Added."; VariantName = "[No Variations]"
Add component (AddParameter): Name = "PackageDescription"; Value = "Chip Resistor"; VariantName = "[No Variations]"
Add component (AddParameter): Name = "PackageReference"; Value = "J1-0603"; VariantName = "[No Variations]"
Add component (AddParameter): Name = "Published"; Value = "8-Jun-2000"; VariantName = "[No Variations]"
Add component (AddParameter): Name = "Publisher"; Value = "Altium Limited"; VariantName = "[No Variations]"
Add component (AddParameter): Name = "Value"; Value = "2m"; VariantName = "[No Variations]"
Added Component: Designator=R1_S3(Res_2512)
Add component. Clean all parameters for all variants
Add component (AddParameter): Name = "LatestRevisionDate"; Value = "29-May-2009"; VariantName = "[No Variations]"
Add component (AddParameter): Name = "LatestRevisionNote"; Value = "IPC-7351 Footprint Added."; VariantName = "[No Variations]"
Add component (AddParameter): Name = "PackageDescription"; Value = "Chip Resistor"; VariantName = "[No Variations]"
Add component (AddParameter): Name = "PackageReference"; Value = "J1-0603"; VariantName = "[No Variations]"
Add component (AddParameter): Name = "Published"; Value = "8-Jun-2000"; VariantName = "[No Variations]"
Add component (AddParameter): Name = "Publisher"; Value = "Altium Limited"; VariantName = "[No Variations]"
Add component (AddParameter): Name = "Value"; Value = "2m"; VariantName = "[No Variations]"
Added Component: Designator=R2_S1(J1-0603)
Add component. Clean all parameters for all variants
Add component (AddParameter): Name = "LatestRevisionDate"; Value = "29-May-2009"; VariantName = "[No Variations]"
Add component (AddParameter): Name = "LatestRevisionNote"; Value = "IPC-7351 Footprint Added."; VariantName = "[No Variations]"
Add component (AddParameter): Name = "PackageDescription"; Value = "Chip Resistor"; VariantName = "[No Variations]"
Add component (AddParameter): Name = "PackageReference"; Value = "J1-0603"; VariantName = "[No Variations]"
Add component (AddParameter): Name = "Published"; Value = "8-Jun-2000"; VariantName = "[No Variations]"
Add component (AddParameter): Name = "Publisher"; Value = "Altium Limited"; VariantName = "[No Variations]"
Add component (AddParameter): Name = "Value"; Value = "4.7K"; VariantName = "[No Variations]"
Added Component: Designator=R2_S2(J1-0603)
Add component. Clean all parameters for all variants
Add component (AddParameter): Name = "LatestRevisionDate"; Value = "29-May-2009"; VariantName = "[No Variations]"
Add component (AddParameter): Name = "LatestRevisionNote"; Value = "IPC-7351 Footprint Added."; VariantName = "[No Variations]"
Add component (AddParameter): Name = "PackageDescription"; Value = "Chip Resistor"; VariantName = "[No Variations]"
Add component (AddParameter): Name = "PackageReference"; Value = "J1-0603"; VariantName = "[No Variations]"
Add component (AddParameter): Name = "Published"; Value = "8-Jun-2000"; VariantName = "[No Variations]"
Add component (AddParameter): Name = "Publisher"; Value = "Altium Limited"; VariantName = "[No Variations]"
Add component (AddParameter): Name = "Value"; Value = "4.7K"; VariantName = "[No Variations]"
Added Component: Designator=R2_S3(J1-0603)
Add component. Clean all parameters for all variants
Add component (AddParameter): Name = "LatestRevisionDate"; Value = "29-May-2009"; VariantName = "[No Variations]"
Add component (AddParameter): Name = "LatestRevisionNote"; Value = "IPC-7351 Footprint Added."; VariantName = "[No Variations]"
Add component (AddParameter): Name = "PackageDescription"; Value = "Chip Resistor"; VariantName = "[No Variations]"
Add component (AddParameter): Name = "PackageReference"; Value = "J1-0603"; VariantName = "[No Variations]"
Add component (AddParameter): Name = "Published"; Value = "8-Jun-2000"; VariantName = "[No Variations]"
Add component (AddParameter): Name = "Publisher"; Value = "Altium Limited"; VariantName = "[No Variations]"
Add component (AddParameter): Name = "Value"; Value = "4.7K"; VariantName = "[No Variations]"
Added Component: Designator=R3_S1(J1-0603)
Add component. Clean all parameters for all variants
Add component (AddParameter): Name = "LatestRevisionDate"; Value = "29-May-2009"; VariantName = "[No Variations]"
Add component (AddParameter): Name = "LatestRevisionNote"; Value = "IPC-7351 Footprint Added."; VariantName = "[No Variations]"
Add component (AddParameter): Name = "PackageDescription"; Value = "Chip Resistor"; VariantName = "[No Variations]"
Add component (AddParameter): Name = "PackageReference"; Value = "J1-0603"; VariantName = "[No Variations]"
Add component (AddParameter): Name = "Published"; Value = "8-Jun-2000"; VariantName = "[No Variations]"
Add component (AddParameter): Name = "Publisher"; Value = "Altium Limited"; VariantName = "[No Variations]"
Add component (AddParameter): Name = "Value"; Value = "300K"; VariantName = "[No Variations]"
Added Component: Designator=R3_S2(J1-0603)
Add component. Clean all parameters for all variants
Add component (AddParameter): Name = "LatestRevisionDate"; Value = "29-May-2009"; VariantName = "[No Variations]"
Add component (AddParameter): Name = "LatestRevisionNote"; Value = "IPC-7351 Footprint Added."; VariantName = "[No Variations]"
Add component (AddParameter): Name = "PackageDescription"; Value = "Chip Resistor"; VariantName = "[No Variations]"
Add component (AddParameter): Name = "PackageReference"; Value = "J1-0603"; VariantName = "[No Variations]"
Add component (AddParameter): Name = "Published"; Value = "8-Jun-2000"; VariantName = "[No Variations]"
Add component (AddParameter): Name = "Publisher"; Value = "Altium Limited"; VariantName = "[No Variations]"
Add component (AddParameter): Name = "Value"; Value = "300K"; VariantName = "[No Variations]"
Added Component: Designator=R3_S3(J1-0603)
Add component. Clean all parameters for all variants
Add component (AddParameter): Name = "LatestRevisionDate"; Value = "29-May-2009"; VariantName = "[No Variations]"
Add component (AddParameter): Name = "LatestRevisionNote"; Value = "IPC-7351 Footprint Added."; VariantName = "[No Variations]"
Add component (AddParameter): Name = "PackageDescription"; Value = "Chip Resistor"; VariantName = "[No Variations]"
Add component (AddParameter): Name = "PackageReference"; Value = "J1-0603"; VariantName = "[No Variations]"
Add component (AddParameter): Name = "Published"; Value = "8-Jun-2000"; VariantName = "[No Variations]"
Add component (AddParameter): Name = "Publisher"; Value = "Altium Limited"; VariantName = "[No Variations]"
Add component (AddParameter): Name = "Value"; Value = "300K"; VariantName = "[No Variations]"
Added Component: Designator=R4_S1(J1-0603)
Add component. Clean all parameters for all variants
Add component (AddParameter): Name = "LatestRevisionDate"; Value = "29-May-2009"; VariantName = "[No Variations]"
Add component (AddParameter): Name = "LatestRevisionNote"; Value = "IPC-7351 Footprint Added."; VariantName = "[No Variations]"
Add component (AddParameter): Name = "PackageDescription"; Value = "Chip Resistor"; VariantName = "[No Variations]"
Add component (AddParameter): Name = "PackageReference"; Value = "J1-0603"; VariantName = "[No Variations]"
Add component (AddParameter): Name = "Published"; Value = "8-Jun-2000"; VariantName = "[No Variations]"
Add component (AddParameter): Name = "Publisher"; Value = "Altium Limited"; VariantName = "[No Variations]"
Add component (AddParameter): Name = "Value"; Value = "1Meg"; VariantName = "[No Variations]"
Added Component: Designator=R4_S2(J1-0603)
Add component. Clean all parameters for all variants
Add component (AddParameter): Name = "LatestRevisionDate"; Value = "29-May-2009"; VariantName = "[No Variations]"
Add component (AddParameter): Name = "LatestRevisionNote"; Value = "IPC-7351 Footprint Added."; VariantName = "[No Variations]"
Add component (AddParameter): Name = "PackageDescription"; Value = "Chip Resistor"; VariantName = "[No Variations]"
Add component (AddParameter): Name = "PackageReference"; Value = "J1-0603"; VariantName = "[No Variations]"
Add component (AddParameter): Name = "Published"; Value = "8-Jun-2000"; VariantName = "[No Variations]"
Add component (AddParameter): Name = "Publisher"; Value = "Altium Limited"; VariantName = "[No Variations]"
Add component (AddParameter): Name = "Value"; Value = "1Meg"; VariantName = "[No Variations]"
Added Component: Designator=R4_S3(J1-0603)
Add component. Clean all parameters for all variants
Add component (AddParameter): Name = "LatestRevisionDate"; Value = "29-May-2009"; VariantName = "[No Variations]"
Add component (AddParameter): Name = "LatestRevisionNote"; Value = "IPC-7351 Footprint Added."; VariantName = "[No Variations]"
Add component (AddParameter): Name = "PackageDescription"; Value = "Chip Resistor"; VariantName = "[No Variations]"
Add component (AddParameter): Name = "PackageReference"; Value = "J1-0603"; VariantName = "[No Variations]"
Add component (AddParameter): Name = "Published"; Value = "8-Jun-2000"; VariantName = "[No Variations]"
Add component (AddParameter): Name = "Publisher"; Value = "Altium Limited"; VariantName = "[No Variations]"
Add component (AddParameter): Name = "Value"; Value = "1Meg"; VariantName = "[No Variations]"
Added Component: Designator=R5_S1(J1-0603)
Add component. Clean all parameters for all variants
Add component (AddParameter): Name = "LatestRevisionDate"; Value = "29-May-2009"; VariantName = "[No Variations]"
Add component (AddParameter): Name = "LatestRevisionNote"; Value = "IPC-7351 Footprint Added."; VariantName = "[No Variations]"
Add component (AddParameter): Name = "PackageDescription"; Value = "Chip Resistor"; VariantName = "[No Variations]"
Add component (AddParameter): Name = "PackageReference"; Value = "J1-0603"; VariantName = "[No Variations]"
Add component (AddParameter): Name = "Published"; Value = "8-Jun-2000"; VariantName = "[No Variations]"
Add component (AddParameter): Name = "Publisher"; Value = "Altium Limited"; VariantName = "[No Variations]"
Add component (AddParameter): Name = "Value"; Value = "22K"; VariantName = "[No Variations]"
Added Component: Designator=R5_S2(J1-0603)
Add component. Clean all parameters for all variants
Add component (AddParameter): Name = "LatestRevisionDate"; Value = "29-May-2009"; VariantName = "[No Variations]"
Add component (AddParameter): Name = "LatestRevisionNote"; Value = "IPC-7351 Footprint Added."; VariantName = "[No Variations]"
Add component (AddParameter): Name = "PackageDescription"; Value = "Chip Resistor"; VariantName = "[No Variations]"
Add component (AddParameter): Name = "PackageReference"; Value = "J1-0603"; VariantName = "[No Variations]"
Add component (AddParameter): Name = "Published"; Value = "8-Jun-2000"; VariantName = "[No Variations]"
Add component (AddParameter): Name = "Publisher"; Value = "Altium Limited"; VariantName = "[No Variations]"
Add component (AddParameter): Name = "Value"; Value = "22K"; VariantName = "[No Variations]"
Added Component: Designator=R5_S3(J1-0603)
Add component. Clean all parameters for all variants
Add component (AddParameter): Name = "LatestRevisionDate"; Value = "29-May-2009"; VariantName = "[No Variations]"
Add component (AddParameter): Name = "LatestRevisionNote"; Value = "IPC-7351 Footprint Added."; VariantName = "[No Variations]"
Add component (AddParameter): Name = "PackageDescription"; Value = "Chip Resistor"; VariantName = "[No Variations]"
Add component (AddParameter): Name = "PackageReference"; Value = "J1-0603"; VariantName = "[No Variations]"
Add component (AddParameter): Name = "Published"; Value = "8-Jun-2000"; VariantName = "[No Variations]"
Add component (AddParameter): Name = "Publisher"; Value = "Altium Limited"; VariantName = "[No Variations]"
Add component (AddParameter): Name = "Value"; Value = "22K"; VariantName = "[No Variations]"
Added Component: Designator=U1_S1(D0008A_N)
Add component. Clean all parameters for all variants
Add component (AddParameter): Name = "Channel"; Value = ""; VariantName = "[No Variations]"
Add component (AddParameter): Name = "CMRR(Min)(dB)"; Value = "58"; VariantName = "[No Variations]"
Add component (AddParameter): Name = "Code_JEDEC"; Value = "MS-012"; VariantName = "[No Variations]"
Add component (AddParameter): Name = "ComponentLink1Description"; Value = "Manufacturer URL"; VariantName = "[No Variations]"
Add component (AddParameter): Name = "ComponentLink1URL"; Value = "http://www.ti.com/"; VariantName = "[No Variations]"
Add component (AddParameter): Name = "ComponentLink2Description"; Value = "Datasheet"; VariantName = "[No Variations]"
Add component (AddParameter): Name = "ComponentLink2URL"; Value = "http://www.ti.com/lit/ds/symlink/tlv272.pdf"; VariantName = "[No Variations]"
Add component (AddParameter): Name = "ComponentLink3Description"; Value = "Package Specification"; VariantName = "[No Variations]"
Add component (AddParameter): Name = "ComponentLink3URL"; Value = "http://www.ti.com/litv/pdf/msoi002j"; VariantName = "[No Variations]"
Add component (AddParameter): Name = "DatasheetVersion"; Value = "SLOS351D"; VariantName = "[No Variations]"
Add component (AddParameter): Name = "Eco-Plan"; Value = "Green (RoHS & no Sb/Br)"; VariantName = "[No Variations]"
Add component (AddParameter): Name = "Gain Bandwidth"; Value = ""; VariantName = "[No Variations]"
Add component (AddParameter): Name = "GBW(Typ)(MHz)"; Value = "2.4"; VariantName = "[No Variations]"
Add component (AddParameter): Name = "IIB(Max)(pA)"; Value = "60"; VariantName = "[No Variations]"
Add component (AddParameter): Name = "Iq per channel(Max)(mA)"; Value = "0.56"; VariantName = "[No Variations]"
Add component (AddParameter): Name = "Manufacturer"; Value = "Texas Instruments"; VariantName = "[No Variations]"
Add component (AddParameter): Name = "Mounting Technology"; Value = "Surface Mount"; VariantName = "[No Variations]"
Add component (AddParameter): Name = "Number of Channels"; Value = "2"; VariantName = "[No Variations]"
Add component (AddParameter): Name = "Offset Drift(Typ)(uV/C)"; Value = "2"; VariantName = "[No Variations]"
Add component (AddParameter): Name = "PackageDescription"; Value = "8-Pin Plastic Small Outline, Body 4.9 x 3.9 mm, Pitch 1.27 mm"; VariantName = "[No Variations]"
Add component (AddParameter): Name = "PackageReference"; Value = "D0008A"; VariantName = "[No Variations]"
Add component (AddParameter): Name = "PackageVersion"; Value = "4040047-3/M, 06/2011"; VariantName = "[No Variations]"
Add component (AddParameter): Name = "Packing"; Value = "LARGE T&R"; VariantName = "[No Variations]"
Add component (AddParameter): Name = "PartNumber"; Value = "TLV272IDR"; VariantName = "[No Variations]"
Add component (AddParameter): Name = "Rating"; Value = "Catalog"; VariantName = "[No Variations]"
Add component (AddParameter): Name = "RevisionNote"; Value = ""; VariantName = "[No Variations]"
Add component (AddParameter): Name = "RoHS"; Value = ""; VariantName = "[No Variations]"
Add component (AddParameter): Name = "Slew Rate"; Value = ""; VariantName = "[No Variations]"
Add component (AddParameter): Name = "Slew Rate(Typ)(V/us)"; Value = "2.1"; VariantName = "[No Variations]"
Add component (AddParameter): Name = "Sub Family"; Value = "Low Supply Voltage Amplifier (<=2.7V), Precision Amplifier"; VariantName = "[No Variations]"
Add component (AddParameter): Name = "SubFamily"; Value = ""; VariantName = "[No Variations]"
Add component (AddParameter): Name = "Supply Voltage Max"; Value = ""; VariantName = "[No Variations]"
Add component (AddParameter): Name = "Supply Voltage Min"; Value = ""; VariantName = "[No Variations]"
Add component (AddParameter): Name = "Temperature Max"; Value = ""; VariantName = "[No Variations]"
Add component (AddParameter): Name = "Temperature Min"; Value = ""; VariantName = "[No Variations]"
Add component (AddParameter): Name = "Total Supply Voltage(Max)(+5V is 5, +/-5V is 10)"; Value = "16"; VariantName = "[No Variations]"
Add component (AddParameter): Name = "Total Supply Voltage(Min)(+5V is 5, +/-5V is 10)"; Value = "2.7"; VariantName = "[No Variations]"
Add component (AddParameter): Name = "Vio (25C)(Max)(mV)"; Value = "5"; VariantName = "[No Variations]"
Add component (AddParameter): Name = "Vmax(V)"; Value = ""; VariantName = "[No Variations]"
Add component (AddParameter): Name = "Vmin(V)"; Value = ""; VariantName = "[No Variations]"
Add component (AddParameter): Name = "Vn at 1kHz(Typ)(nV/rtHz)"; Value = ""; VariantName = "[No Variations]"
Added Component: Designator=U1_S2(D0008A_N)
Add component. Clean all parameters for all variants
Add component (AddParameter): Name = "Channel"; Value = ""; VariantName = "[No Variations]"
Add component (AddParameter): Name = "CMRR(Min)(dB)"; Value = "58"; VariantName = "[No Variations]"
Add component (AddParameter): Name = "Code_JEDEC"; Value = "MS-012"; VariantName = "[No Variations]"
Add component (AddParameter): Name = "ComponentLink1Description"; Value = "Manufacturer URL"; VariantName = "[No Variations]"
Add component (AddParameter): Name = "ComponentLink1URL"; Value = "http://www.ti.com/"; VariantName = "[No Variations]"
Add component (AddParameter): Name = "ComponentLink2Description"; Value = "Datasheet"; VariantName = "[No Variations]"
Add component (AddParameter): Name = "ComponentLink2URL"; Value = "http://www.ti.com/lit/ds/symlink/tlv272.pdf"; VariantName = "[No Variations]"
Add component (AddParameter): Name = "ComponentLink3Description"; Value = "Package Specification"; VariantName = "[No Variations]"
Add component (AddParameter): Name = "ComponentLink3URL"; Value = "http://www.ti.com/litv/pdf/msoi002j"; VariantName = "[No Variations]"
Add component (AddParameter): Name = "DatasheetVersion"; Value = "SLOS351D"; VariantName = "[No Variations]"
Add component (AddParameter): Name = "Eco-Plan"; Value = "Green (RoHS & no Sb/Br)"; VariantName = "[No Variations]"
Add component (AddParameter): Name = "Gain Bandwidth"; Value = ""; VariantName = "[No Variations]"
Add component (AddParameter): Name = "GBW(Typ)(MHz)"; Value = "2.4"; VariantName = "[No Variations]"
Add component (AddParameter): Name = "IIB(Max)(pA)"; Value = "60"; VariantName = "[No Variations]"
Add component (AddParameter): Name = "Iq per channel(Max)(mA)"; Value = "0.56"; VariantName = "[No Variations]"
Add component (AddParameter): Name = "Manufacturer"; Value = "Texas Instruments"; VariantName = "[No Variations]"
Add component (AddParameter): Name = "Mounting Technology"; Value = "Surface Mount"; VariantName = "[No Variations]"
Add component (AddParameter): Name = "Number of Channels"; Value = "2"; VariantName = "[No Variations]"
Add component (AddParameter): Name = "Offset Drift(Typ)(uV/C)"; Value = "2"; VariantName = "[No Variations]"
Add component (AddParameter): Name = "PackageDescription"; Value = "8-Pin Plastic Small Outline, Body 4.9 x 3.9 mm, Pitch 1.27 mm"; VariantName = "[No Variations]"
Add component (AddParameter): Name = "PackageReference"; Value = "D0008A"; VariantName = "[No Variations]"
Add component (AddParameter): Name = "PackageVersion"; Value = "4040047-3/M, 06/2011"; VariantName = "[No Variations]"
Add component (AddParameter): Name = "Packing"; Value = "LARGE T&R"; VariantName = "[No Variations]"
Add component (AddParameter): Name = "PartNumber"; Value = "TLV272IDR"; VariantName = "[No Variations]"
Add component (AddParameter): Name = "Rating"; Value = "Catalog"; VariantName = "[No Variations]"
Add component (AddParameter): Name = "RevisionNote"; Value = ""; VariantName = "[No Variations]"
Add component (AddParameter): Name = "RoHS"; Value = ""; VariantName = "[No Variations]"
Add component (AddParameter): Name = "Slew Rate"; Value = ""; VariantName = "[No Variations]"
Add component (AddParameter): Name = "Slew Rate(Typ)(V/us)"; Value = "2.1"; VariantName = "[No Variations]"
Add component (AddParameter): Name = "Sub Family"; Value = "Low Supply Voltage Amplifier (<=2.7V), Precision Amplifier"; VariantName = "[No Variations]"
Add component (AddParameter): Name = "SubFamily"; Value = ""; VariantName = "[No Variations]"
Add component (AddParameter): Name = "Supply Voltage Max"; Value = ""; VariantName = "[No Variations]"
Add component (AddParameter): Name = "Supply Voltage Min"; Value = ""; VariantName = "[No Variations]"
Add component (AddParameter): Name = "Temperature Max"; Value = ""; VariantName = "[No Variations]"
Add component (AddParameter): Name = "Temperature Min"; Value = ""; VariantName = "[No Variations]"
Add component (AddParameter): Name = "Total Supply Voltage(Max)(+5V is 5, +/-5V is 10)"; Value = "16"; VariantName = "[No Variations]"
Add component (AddParameter): Name = "Total Supply Voltage(Min)(+5V is 5, +/-5V is 10)"; Value = "2.7"; VariantName = "[No Variations]"
Add component (AddParameter): Name = "Vio (25C)(Max)(mV)"; Value = "5"; VariantName = "[No Variations]"
Add component (AddParameter): Name = "Vmax(V)"; Value = ""; VariantName = "[No Variations]"
Add component (AddParameter): Name = "Vmin(V)"; Value = ""; VariantName = "[No Variations]"
Add component (AddParameter): Name = "Vn at 1kHz(Typ)(nV/rtHz)"; Value = ""; VariantName = "[No Variations]"
Added Component: Designator=U1_S3(D0008A_N)
Add component. Clean all parameters for all variants
Add component (AddParameter): Name = "Channel"; Value = ""; VariantName = "[No Variations]"
Add component (AddParameter): Name = "CMRR(Min)(dB)"; Value = "58"; VariantName = "[No Variations]"
Add component (AddParameter): Name = "Code_JEDEC"; Value = "MS-012"; VariantName = "[No Variations]"
Add component (AddParameter): Name = "ComponentLink1Description"; Value = "Manufacturer URL"; VariantName = "[No Variations]"
Add component (AddParameter): Name = "ComponentLink1URL"; Value = "http://www.ti.com/"; VariantName = "[No Variations]"
Add component (AddParameter): Name = "ComponentLink2Description"; Value = "Datasheet"; VariantName = "[No Variations]"
Add component (AddParameter): Name = "ComponentLink2URL"; Value = "http://www.ti.com/lit/ds/symlink/tlv272.pdf"; VariantName = "[No Variations]"
Add component (AddParameter): Name = "ComponentLink3Description"; Value = "Package Specification"; VariantName = "[No Variations]"
Add component (AddParameter): Name = "ComponentLink3URL"; Value = "http://www.ti.com/litv/pdf/msoi002j"; VariantName = "[No Variations]"
Add component (AddParameter): Name = "DatasheetVersion"; Value = "SLOS351D"; VariantName = "[No Variations]"
Add component (AddParameter): Name = "Eco-Plan"; Value = "Green (RoHS & no Sb/Br)"; VariantName = "[No Variations]"
Add component (AddParameter): Name = "Gain Bandwidth"; Value = ""; VariantName = "[No Variations]"
Add component (AddParameter): Name = "GBW(Typ)(MHz)"; Value = "2.4"; VariantName = "[No Variations]"
Add component (AddParameter): Name = "IIB(Max)(pA)"; Value = "60"; VariantName = "[No Variations]"
Add component (AddParameter): Name = "Iq per channel(Max)(mA)"; Value = "0.56"; VariantName = "[No Variations]"
Add component (AddParameter): Name = "Manufacturer"; Value = "Texas Instruments"; VariantName = "[No Variations]"
Add component (AddParameter): Name = "Mounting Technology"; Value = "Surface Mount"; VariantName = "[No Variations]"
Add component (AddParameter): Name = "Number of Channels"; Value = "2"; VariantName = "[No Variations]"
Add component (AddParameter): Name = "Offset Drift(Typ)(uV/C)"; Value = "2"; VariantName = "[No Variations]"
Add component (AddParameter): Name = "PackageDescription"; Value = "8-Pin Plastic Small Outline, Body 4.9 x 3.9 mm, Pitch 1.27 mm"; VariantName = "[No Variations]"
Add component (AddParameter): Name = "PackageReference"; Value = "D0008A"; VariantName = "[No Variations]"
Add component (AddParameter): Name = "PackageVersion"; Value = "4040047-3/M, 06/2011"; VariantName = "[No Variations]"
Add component (AddParameter): Name = "Packing"; Value = "LARGE T&R"; VariantName = "[No Variations]"
Add component (AddParameter): Name = "PartNumber"; Value = "TLV272IDR"; VariantName = "[No Variations]"
Add component (AddParameter): Name = "Rating"; Value = "Catalog"; VariantName = "[No Variations]"
Add component (AddParameter): Name = "RevisionNote"; Value = ""; VariantName = "[No Variations]"
Add component (AddParameter): Name = "RoHS"; Value = ""; VariantName = "[No Variations]"
Add component (AddParameter): Name = "Slew Rate"; Value = ""; VariantName = "[No Variations]"
Add component (AddParameter): Name = "Slew Rate(Typ)(V/us)"; Value = "2.1"; VariantName = "[No Variations]"
Add component (AddParameter): Name = "Sub Family"; Value = "Low Supply Voltage Amplifier (<=2.7V), Precision Amplifier"; VariantName = "[No Variations]"
Add component (AddParameter): Name = "SubFamily"; Value = ""; VariantName = "[No Variations]"
Add component (AddParameter): Name = "Supply Voltage Max"; Value = ""; VariantName = "[No Variations]"
Add component (AddParameter): Name = "Supply Voltage Min"; Value = ""; VariantName = "[No Variations]"
Add component (AddParameter): Name = "Temperature Max"; Value = ""; VariantName = "[No Variations]"
Add component (AddParameter): Name = "Temperature Min"; Value = ""; VariantName = "[No Variations]"
Add component (AddParameter): Name = "Total Supply Voltage(Max)(+5V is 5, +/-5V is 10)"; Value = "16"; VariantName = "[No Variations]"
Add component (AddParameter): Name = "Total Supply Voltage(Min)(+5V is 5, +/-5V is 10)"; Value = "2.7"; VariantName = "[No Variations]"
Add component (AddParameter): Name = "Vio (25C)(Max)(mV)"; Value = "5"; VariantName = "[No Variations]"
Add component (AddParameter): Name = "Vmax(V)"; Value = ""; VariantName = "[No Variations]"
Add component (AddParameter): Name = "Vmin(V)"; Value = ""; VariantName = "[No Variations]"
Add component (AddParameter): Name = "Vn at 1kHz(Typ)(nV/rtHz)"; Value = ""; VariantName = "[No Variations]"
Added Component: Designator=U2_S1(HV7802)
Add component. Clean all parameters for all variants
Add component (AddParameter): Name = "datasheet"; Value = "http://ww1.microchip.com/downloads/en/DeviceDoc/HV7802%20A062813.pdf"; VariantName = "[No Variations]"
Added Component: Designator=U2_S2(HV7802)
Add component. Clean all parameters for all variants
Add component (AddParameter): Name = "datasheet"; Value = "http://ww1.microchip.com/downloads/en/DeviceDoc/HV7802%20A062813.pdf"; VariantName = "[No Variations]"
Added Component: Designator=U2_S3(HV7802)
Add component. Clean all parameters for all variants
Add component (AddParameter): Name = "datasheet"; Value = "http://ww1.microchip.com/downloads/en/DeviceDoc/HV7802%20A062813.pdf"; VariantName = "[No Variations]"
Added Pin To Net: NetName=GND Pin=C4_S1-2
Added Pin To Net: NetName=GND Pin=C4_S2-2
Added Pin To Net: NetName=GND Pin=C4_S3-2
Added Pin To Net: NetName=GND Pin=C5_S1-2
Added Pin To Net: NetName=GND Pin=C5_S2-2
Added Pin To Net: NetName=GND Pin=C5_S3-2
Added Pin To Net: NetName=NetC_BOOT_P1_1 Pin=R1_S1-1
Added Pin To Net: NetName=NetC_BOOT_P1_1 Pin=R2_S1-2
Added Pin To Net: NetName=GND Pin=R3_S1-1
Added Pin To Net: NetName=GND Pin=R3_S2-1
Added Pin To Net: NetName=GND Pin=R3_S3-1
Added Pin To Net: NetName=NetC_BOOT_P1_1 Pin=R4_S1-2
Added Pin To Net: NetName=GND Pin=R5_S1-1
Added Pin To Net: NetName=GND Pin=R5_S2-1
Added Pin To Net: NetName=GND Pin=R5_S3-1
Added Pin To Net: NetName=GND Pin=U1_S1-4
Added Pin To Net: NetName=GND Pin=U1_S2-4
Added Pin To Net: NetName=GND Pin=U1_S3-4
Added Pin To Net: NetName=NetC_BOOT_P1_1 Pin=U2_S1-1
Added Pin To Net: NetName=GND Pin=U2_S1-8
Added Pin To Net: NetName=GND Pin=U2_S2-8
Added Pin To Net: NetName=GND Pin=U2_S3-8
Added Pin To Net: NetName=+3.3 Pin=C4_S1-1
Added Pin To Net: NetName=+3.3 Pin=C4_S2-1
Added Pin To Net: NetName=+3.3 Pin=C4_S3-1
Added Pin To Net: NetName=+3.3 Pin=C5_S1-1
Added Pin To Net: NetName=+3.3 Pin=C5_S2-1
Added Pin To Net: NetName=+3.3 Pin=C5_S3-1
Added Pin To Net: NetName=+3.3 Pin=U1_S1-8
Added Pin To Net: NetName=+3.3 Pin=U1_S2-8
Added Pin To Net: NetName=+3.3 Pin=U1_S3-8
Added Net: Name=+3.3
Added Pin To Net: NetName=NetF_S1_1 Pin=F_S1-1
Added Pin To Net: NetName=NetF_S1_1 Pin=F_S1-2
Added Pin To Net: NetName=NetF_S1_1 Pin=R1_S1-2
Added Pin To Net: NetName=NetF_S1_1 Pin=U2_S1-3
Added Net: Name=NetF_S1_1
Added Pin To Net: NetName=NetF_S1_3 Pin=F_S1-3
Added Pin To Net: NetName=NetF_S1_3 Pin=F_S1-4
Added Net: Name=NetF_S1_3
Added Pin To Net: NetName=NetF_S2_1 Pin=F_S2-1
Added Pin To Net: NetName=NetF_S2_1 Pin=F_S2-2
Added Pin To Net: NetName=NetF_S2_1 Pin=R1_S2-2
Added Pin To Net: NetName=NetF_S2_1 Pin=U2_S2-3
Added Net: Name=NetF_S2_1
Added Pin To Net: NetName=NetF_S2_3 Pin=F_S2-3
Added Pin To Net: NetName=NetF_S2_3 Pin=F_S2-4
Added Net: Name=NetF_S2_3
Added Pin To Net: NetName=NetF_S3_1 Pin=F_S3-1
Added Pin To Net: NetName=NetF_S3_1 Pin=F_S3-2
Added Pin To Net: NetName=NetF_S3_1 Pin=R1_S3-2
Added Pin To Net: NetName=NetF_S3_1 Pin=U2_S3-3
Added Net: Name=NetF_S3_1
Added Pin To Net: NetName=NetF_S3_3 Pin=F_S3-3
Added Pin To Net: NetName=NetF_S3_3 Pin=F_S3-4
Added Net: Name=NetF_S3_3
Added Pin To Net: NetName=NetR1_S2_1 Pin=R1_S2-1
Added Pin To Net: NetName=NetR1_S2_1 Pin=R2_S2-2
Added Pin To Net: NetName=NetR1_S2_1 Pin=R4_S2-2
Added Pin To Net: NetName=NetR1_S2_1 Pin=U2_S2-1
Added Net: Name=NetR1_S2_1
Added Pin To Net: NetName=NetR1_S3_1 Pin=R1_S3-1
Added Pin To Net: NetName=NetR1_S3_1 Pin=R2_S3-2
Added Pin To Net: NetName=NetR1_S3_1 Pin=R4_S3-2
Added Pin To Net: NetName=NetR1_S3_1 Pin=U2_S3-1
Added Net: Name=NetR1_S3_1
Added Pin To Net: NetName=NetR2_S1_1 Pin=R2_S1-1
Added Pin To Net: NetName=NetR2_S1_1 Pin=U2_S1-2
Added Net: Name=NetR2_S1_1
Added Pin To Net: NetName=NetR2_S2_1 Pin=R2_S2-1
Added Pin To Net: NetName=NetR2_S2_1 Pin=U2_S2-2
Added Net: Name=NetR2_S2_1
Added Pin To Net: NetName=NetR2_S3_1 Pin=R2_S3-1
Added Pin To Net: NetName=NetR2_S3_1 Pin=U2_S3-2
Added Net: Name=NetR2_S3_1
Added Pin To Net: NetName=NetR3_S1_2 Pin=R3_S1-2
Added Pin To Net: NetName=NetR3_S1_2 Pin=U1_S1-3
Added Pin To Net: NetName=NetR3_S1_2 Pin=U2_S1-6
Added Net: Name=NetR3_S1_2
Added Pin To Net: NetName=NetR3_S2_2 Pin=R3_S2-2
Added Pin To Net: NetName=NetR3_S2_2 Pin=U1_S2-3
Added Pin To Net: NetName=NetR3_S2_2 Pin=U2_S2-6
Added Net: Name=NetR3_S2_2
Added Pin To Net: NetName=NetR3_S3_2 Pin=R3_S3-2
Added Pin To Net: NetName=NetR3_S3_2 Pin=U1_S3-3
Added Pin To Net: NetName=NetR3_S3_2 Pin=U2_S3-6
Added Net: Name=NetR3_S3_2
Added Pin To Net: NetName=NetR4_S1_1 Pin=R4_S1-1
Added Pin To Net: NetName=NetR4_S1_1 Pin=R5_S1-2
Added Pin To Net: NetName=NetR4_S1_1 Pin=U1_S1-5
Added Net: Name=NetR4_S1_1
Added Pin To Net: NetName=NetR4_S2_1 Pin=R4_S2-1
Added Pin To Net: NetName=NetR4_S2_1 Pin=R5_S2-2
Added Pin To Net: NetName=NetR4_S2_1 Pin=U1_S2-5
Added Net: Name=NetR4_S2_1
Added Pin To Net: NetName=NetR4_S3_1 Pin=R4_S3-1
Added Pin To Net: NetName=NetR4_S3_1 Pin=R5_S3-2
Added Pin To Net: NetName=NetR4_S3_1 Pin=U1_S3-5
Added Net: Name=NetR4_S3_1
Added Pin To Net: NetName=NetU1_S1_1 Pin=U1_S1-1
Added Pin To Net: NetName=NetU1_S1_1 Pin=U1_S1-2
Added Net: Name=NetU1_S1_1
Added Pin To Net: NetName=NetU1_S1_6 Pin=U1_S1-6
Added Pin To Net: NetName=NetU1_S1_6 Pin=U1_S1-7
Added Net: Name=NetU1_S1_6
Added Pin To Net: NetName=NetU1_S2_1 Pin=U1_S2-1
Added Pin To Net: NetName=NetU1_S2_1 Pin=U1_S2-2
Added Net: Name=NetU1_S2_1
Added Pin To Net: NetName=NetU1_S2_6 Pin=U1_S2-6
Added Pin To Net: NetName=NetU1_S2_6 Pin=U1_S2-7
Added Net: Name=NetU1_S2_6
Added Pin To Net: NetName=NetU1_S3_1 Pin=U1_S3-1
Added Pin To Net: NetName=NetU1_S3_1 Pin=U1_S3-2
Added Net: Name=NetU1_S3_1
Added Pin To Net: NetName=NetU1_S3_6 Pin=U1_S3-6
Added Pin To Net: NetName=NetU1_S3_6 Pin=U1_S3-7
Added Net: Name=NetU1_S3_6
Change Class Name : Old Net Name=C1 New Net Name=S1
Change Class Name : Old Net Name=C2 New Net Name=S2
Change Class Name : Old Net Name=C3 New Net Name=S3
Added Class: Name=C4_S1_Nets
Added Class: Name=C4_S2_Nets
Added Class: Name=C4_S3_Nets
Added Class: Name=C5_S1_Nets
Added Class: Name=C5_S2_Nets
Added Class: Name=C5_S3_Nets
Added Class: Name=F_S1_Nets
Added Class: Name=F_S2_Nets
Added Class: Name=F_S3_Nets
Added Class: Name=R1_S1_Nets
Added Class: Name=R1_S2_Nets
Added Class: Name=R1_S3_Nets
Added Class: Name=R2_S1_Nets
Added Class: Name=R2_S2_Nets
Added Class: Name=R2_S3_Nets
Added Class: Name=R3_S1_Nets
Added Class: Name=R3_S2_Nets
Added Class: Name=R3_S3_Nets
Added Class: Name=R4_S1_Nets
Added Class: Name=R4_S2_Nets
Added Class: Name=R4_S3_Nets
Added Class: Name=R5_S1_Nets
Added Class: Name=R5_S2_Nets
Added Class: Name=R5_S3_Nets
Added Class: Name=U1_S1_Nets
Added Class: Name=U1_S2_Nets
Added Class: Name=U1_S3_Nets
Added Class: Name=U2_S1_Nets
Added Class: Name=U2_S2_Nets
Added Class: Name=U2_S3_Nets
Added Class: Name=Sensing_Phase1
Added Member To Class: ClassName=S1 Member=Component C4_S1 (C4) Cap Semi
Added Member To Class: ClassName=S2 Member=Component C4_S2 (C4) Cap Semi
Added Member To Class: ClassName=S3 Member=Component C4_S3 (C4) Cap Semi
Added Member To Class: ClassName=S1 Member=Component C5_S1 (C5) Cap Semi
Added Member To Class: ClassName=S2 Member=Component C5_S2 (C5) Cap Semi
Added Member To Class: ClassName=S3 Member=Component C5_S3 (C5) Cap Semi
Added Member To Class: ClassName=S1 Member=Component F_S1 (F) 3568
Added Member To Class: ClassName=S2 Member=Component F_S2 (F) 3568
Added Member To Class: ClassName=S3 Member=Component F_S3 (F) 3568
Added Member To Class: ClassName=S1 Member=Component R1_S1 (R1) Res2512
Added Member To Class: ClassName=S2 Member=Component R1_S2 (R1) Res2512
Added Member To Class: ClassName=S3 Member=Component R1_S3 (R1) Res2512
Added Member To Class: ClassName=S1 Member=Component R2_S1 (R2) Res3
Added Member To Class: ClassName=S2 Member=Component R2_S2 (R2) Res3
Added Member To Class: ClassName=S3 Member=Component R2_S3 (R2) Res3
Added Member To Class: ClassName=S1 Member=Component R3_S1 (R3) Res3
Added Member To Class: ClassName=S2 Member=Component R3_S2 (R3) Res3
Added Member To Class: ClassName=S3 Member=Component R3_S3 (R3) Res3
Added Member To Class: ClassName=S1 Member=Component R4_S1 (R4) Res3
Added Member To Class: ClassName=S2 Member=Component R4_S2 (R4) Res3
Added Member To Class: ClassName=S3 Member=Component R4_S3 (R4) Res3
Added Member To Class: ClassName=S1 Member=Component R5_S1 (R5) Res3
Added Member To Class: ClassName=S2 Member=Component R5_S2 (R5) Res3
Added Member To Class: ClassName=S3 Member=Component R5_S3 (R5) Res3
Added Member To Class: ClassName=S1 Member=Component U1_S1 (U1A) TLV272IDR
Added Member To Class: ClassName=S2 Member=Component U1_S2 (U1A) TLV272IDR
Added Member To Class: ClassName=S3 Member=Component U1_S3 (U1A) TLV272IDR
Added Member To Class: ClassName=S1 Member=Component U2_S1 (U2) HV7802
Added Member To Class: ClassName=S2 Member=Component U2_S2 (U2) HV7802
Added Member To Class: ClassName=S3 Member=Component U2_S3 (U2) HV7802
Added Room: Name=S1
Added Room: Name=S2
Added Room: Name=S3
