Removed Pin From Net: NetName=+120 Pin=CQ2_P1-1
Removed Pin From Net: NetName=+120 Pin=CQ2_P2-1
Removed Pin From Net: NetName=+120 Pin=CQ2_P3-1
Removed Member From Class: ClassName=CU2_1_P1_Nets Member=+3.3
Removed Member From Class: ClassName=CU2_1_P2_Nets Member=+3.3
Removed Member From Class: ClassName=CU2_1_P3_Nets Member=+3.3
Removed Member From Class: ClassName=CU2_2_P1_Nets Member=+3.3
Removed Member From Class: ClassName=CU2_2_P2_Nets Member=+3.3
Removed Member From Class: ClassName=CU2_2_P3_Nets Member=+3.3
Removed Member From Class: ClassName=U2_P1_Nets Member=+3.3
Removed Member From Class: ClassName=U2_P2_Nets Member=+3.3
Removed Member From Class: ClassName=U2_P3_Nets Member=+3.3
Removed Member From Class: ClassName=CU1_1_P1_Nets Member=+12
Removed Member From Class: ClassName=CU1_1_P2_Nets Member=+12
Removed Member From Class: ClassName=CU1_1_P3_Nets Member=+12
Removed Member From Class: ClassName=CU1_2_P1_Nets Member=+12
Removed Member From Class: ClassName=CU1_2_P2_Nets Member=+12
Removed Member From Class: ClassName=CU1_2_P3_Nets Member=+12
Removed Member From Class: ClassName=U1_P1_Nets Member=+12
Removed Member From Class: ClassName=U1_P2_Nets Member=+12
Removed Member From Class: ClassName=U1_P3_Nets Member=+12
Removed Member From Class: ClassName=CQ2_P1_Nets Member=+120
Removed Member From Class: ClassName=CQ2_P2_Nets Member=+120
Removed Member From Class: ClassName=CQ2_P3_Nets Member=+120
Added Pin To Net: NetName=+12 Pin=C3-2
Added Pin To Net: NetName=+12 Pin=C4-1
Added Pin To Net: NetName=120V Pin=CQ2_P1-1
Added Pin To Net: NetName=120V Pin=CQ2_P2-1
Added Pin To Net: NetName=120V Pin=CQ2_P3-1
Added Pin To Net: NetName=+12 Pin=R1-2
Added Pin To Net: NetName=+12 Pin=RB_P1-1
Added Pin To Net: NetName=+12 Pin=RB_P2-1
Added Pin To Net: NetName=+12 Pin=RB_P3-1
Added Pin To Net: NetName=+12 Pin=U4-3
Change Net Name : Old Net Name=+3.3 New Net Name=3V3
Change Net Name : Old Net Name=+12 New Net Name=12V
Added Member To Class: ClassName=CU2_1_P1_Nets Member=Wire 3V3
Added Member To Class: ClassName=CU2_1_P2_Nets Member=Wire 3V3
Added Member To Class: ClassName=CU2_1_P3_Nets Member=Wire 3V3
Added Member To Class: ClassName=CU2_2_P1_Nets Member=Wire 3V3
Added Member To Class: ClassName=CU2_2_P2_Nets Member=Wire 3V3
Added Member To Class: ClassName=CU2_2_P3_Nets Member=Wire 3V3
Added Member To Class: ClassName=U2_P1_Nets Member=Wire 3V3
Added Member To Class: ClassName=U2_P2_Nets Member=Wire 3V3
Added Member To Class: ClassName=U2_P3_Nets Member=Wire 3V3
Added Member To Class: ClassName=CU1_1_P1_Nets Member=Wire 12V
Added Member To Class: ClassName=CU1_1_P2_Nets Member=Wire 12V
Added Member To Class: ClassName=CU1_1_P3_Nets Member=Wire 12V
Added Member To Class: ClassName=CU1_2_P1_Nets Member=Wire 12V
Added Member To Class: ClassName=CU1_2_P2_Nets Member=Wire 12V
Added Member To Class: ClassName=CU1_2_P3_Nets Member=Wire 12V
Added Member To Class: ClassName=U1_P1_Nets Member=Wire 12V
Added Member To Class: ClassName=U1_P2_Nets Member=Wire 12V
Added Member To Class: ClassName=U1_P3_Nets Member=Wire 12V
Added Member To Class: ClassName=CQ2_P1_Nets Member=Wire 120V
Added Member To Class: ClassName=CQ2_P2_Nets Member=Wire 120V
Added Member To Class: ClassName=CQ2_P3_Nets Member=Wire 120V
