Removed Pin From Net: NetName=V_SENSE1 Pin=U2-5
Removed Pin From Net: NetName=V_SENSE2 Pin=U2-6
Removed Pin From Net: NetName=PB3 Pin=U2-12
Removed Pin From Net: NetName=USART_RX Pin=U2-19
Removed Pin From Net: NetName=HIN2 Pin=U2-32
Removed Pin From Net: NetName=LIN1 Pin=U2-48
Removed Pin From Net: NetName=HIN1 Pin=U2-64
Added Pin To Net: NetName=NetB2_1 Pin=U2-2
Added Pin To Net: NetName=V_SENSE1 Pin=U2-14
Added Pin To Net: NetName=V_SENSE2 Pin=U2-15
Added Pin To Net: NetName=V_SENSE3 Pin=U2-16
Added Pin To Net: NetName=HIN2 Pin=U2-23
Added Pin To Net: NetName=HIN3 Pin=U2-35
Added Pin To Net: NetName=LIN3 Pin=U2-36
Added Pin To Net: NetName=LIN2 Pin=U2-37
Added Pin To Net: NetName=HIN1 Pin=U2-41
Added Pin To Net: NetName=LIN1 Pin=U2-42
Added Pin To Net: NetName=USART_RX Pin=U2-43
Added Pin To Net: NetName=TMS Pin=U2-46
Added Pin To Net: NetName=TCK Pin=U2-49
Added Pin To Net: NetName=PB3 Pin=U2-55
Added Pin To Net: NetName=USART_TX Pin=U2-58
Added Pin To Net: NetName=HALL1 Pin=U2-33
Added Net: Name=HALL1
Added Pin To Net: NetName=HALL2 Pin=U2-34
Added Net: Name=HALL2
Added Pin To Net: NetName=HALL3 Pin=U2-30
Added Net: Name=HALL3
Added Pin To Net: NetName=THROTTLE Pin=U2-22
Added Net: Name=THROTTLE
Added Member To Class: ClassName=U2_Nets Member=Wire HALL1
Added Member To Class: ClassName=U2_Nets Member=Wire HALL2
Added Member To Class: ClassName=U2_Nets Member=Wire HALL3
Added Member To Class: ClassName=U2_Nets Member=Element[3]: HIN
Added Member To Class: ClassName=U2_Nets Member=Element[2]: LIN
Added Member To Class: ClassName=U2_Nets Member=Element[3]: LIN
Added Member To Class: ClassName=U2_Nets Member=Wire NetB2_1
Added Member To Class: ClassName=U2_Nets Member=Wire TCK
Added Member To Class: ClassName=U2_Nets Member=Wire THROTTLE
Added Member To Class: ClassName=U2_Nets Member=Wire TMS
Added Member To Class: ClassName=U2_Nets Member=Wire USART_TX
Added Member To Class: ClassName=U2_Nets Member=Element[3]: V_SENSE
