Removed Pin From Net: NetName=+120 Pin=QH_P1-1
Removed Pin From Net: NetName=+120 Pin=QH_P1-1
Removed Pin From Net: NetName=+120 Pin=QH_P1-1
Removed Pin From Net: NetName=+120 Pin=QH_P1-1
Removed Pin From Net: NetName=+120 Pin=QH_P1-1
Removed Pin From Net: NetName=+120 Pin=QH_P2-1
Removed Pin From Net: NetName=+120 Pin=QH_P2-1
Removed Pin From Net: NetName=+120 Pin=QH_P2-1
Removed Pin From Net: NetName=+120 Pin=QH_P2-1
Removed Pin From Net: NetName=+120 Pin=QH_P2-1
Removed Pin From Net: NetName=+120 Pin=QH_P3-1
Removed Pin From Net: NetName=+120 Pin=QH_P3-1
Removed Pin From Net: NetName=+120 Pin=QH_P3-1
Removed Pin From Net: NetName=+120 Pin=QH_P3-1
Removed Pin From Net: NetName=+120 Pin=QH_P3-1
Removed Pin From Net: NetName=+12 Pin=RB_P1-1
Removed Pin From Net: NetName=+12 Pin=RB_P2-1
Removed Pin From Net: NetName=+12 Pin=RB_P3-1
Removed Member From Class: ClassName=RB_P1_Nets Member=+12
Removed Member From Class: ClassName=RB_P2_Nets Member=+12
Removed Member From Class: ClassName=RB_P3_Nets Member=+12
Removed Member From Class: ClassName=QH_P1_Nets Member=+120
Removed Member From Class: ClassName=QH_P2_Nets Member=+120
Removed Member From Class: ClassName=QH_P3_Nets Member=+120
Added Pin To Net: NetName=12V Pin=RB_P1-1
Added Pin To Net: NetName=12V Pin=RB_P2-1
Added Pin To Net: NetName=12V Pin=RB_P3-1
Added Pin To Net: NetName=120V Pin=QH_P1-1
Added Pin To Net: NetName=120V Pin=QH_P1-1
Added Pin To Net: NetName=120V Pin=QH_P1-1
Added Pin To Net: NetName=120V Pin=QH_P1-1
Added Pin To Net: NetName=120V Pin=QH_P1-1
Added Pin To Net: NetName=120V Pin=QH_P2-1
Added Pin To Net: NetName=120V Pin=QH_P2-1
Added Pin To Net: NetName=120V Pin=QH_P2-1
Added Pin To Net: NetName=120V Pin=QH_P2-1
Added Pin To Net: NetName=120V Pin=QH_P2-1
Added Pin To Net: NetName=120V Pin=QH_P3-1
Added Pin To Net: NetName=120V Pin=QH_P3-1
Added Pin To Net: NetName=120V Pin=QH_P3-1
Added Pin To Net: NetName=120V Pin=QH_P3-1
Added Pin To Net: NetName=120V Pin=QH_P3-1
Added Net: Name=120V
Added Member To Class: ClassName=U_FEV-60_Motor_Driver_Mcu Member=Component U2 MCU_LQFP64
Added Member To Class: ClassName=RB_P1_Nets Member=Wire 12V
Added Member To Class: ClassName=RB_P2_Nets Member=Wire 12V
Added Member To Class: ClassName=RB_P3_Nets Member=Wire 12V
Added Member To Class: ClassName=QH_P1_Nets Member=Wire 120V
Added Member To Class: ClassName=QH_P2_Nets Member=Wire 120V
Added Member To Class: ClassName=QH_P3_Nets Member=Wire 120V
Added Member To Class: ClassName=U2_Nets Member=Wire HALL1
Added Member To Class: ClassName=U2_Nets Member=Wire HALL2
Added Member To Class: ClassName=U2_Nets Member=Wire HALL3
Added Member To Class: ClassName=U2_Nets Member=Wire THROTTLE
