Removed Pin From Net: NetName=VDD Pin=U4-1
Removed Pin From Net: NetName=VDD Pin=U4-2
Removed Pin From Net: NetName=VDD Pin=U4-7
Removed Pin From Net: NetName=VDD Pin=U4-9
Removed Pin From Net: NetName=VDD Pin=U4-15
Added Component: Designator=R24(J1-0603)
Add component. Clean all parameters for all variants
Add component (AddParameter): Name = "LatestRevisionDate"; Value = "29-May-2009"; VariantName = "[No Variations]"
Add component (AddParameter): Name = "LatestRevisionNote"; Value = "IPC-7351 Footprint Added."; VariantName = "[No Variations]"
Add component (AddParameter): Name = "PackageDescription"; Value = "Chip Resistor"; VariantName = "[No Variations]"
Add component (AddParameter): Name = "PackageReference"; Value = "J1-0603"; VariantName = "[No Variations]"
Add component (AddParameter): Name = "Published"; Value = "8-Jun-2000"; VariantName = "[No Variations]"
Add component (AddParameter): Name = "Publisher"; Value = "Altium Limited"; VariantName = "[No Variations]"
Add component (AddParameter): Name = "Value"; Value = "0"; VariantName = "[No Variations]"
Added Pin To Net: NetName=VDD Pin=R24-2
Added Pin To Net: NetName=VLEVEL Pin=R24-1
Added Pin To Net: NetName=VLEVEL Pin=U4-1
Added Pin To Net: NetName=VLEVEL Pin=U4-2
Added Pin To Net: NetName=VLEVEL Pin=U4-7
Added Pin To Net: NetName=VLEVEL Pin=U4-9
Added Pin To Net: NetName=VLEVEL Pin=U4-15
Added Net: Name=VLEVEL
Added Member To Class: ClassName=FEV-60_IO_Board Member=Component R24 Res3
Added Member To Class: ClassName=FEV-60_IO_Board Member=Component U4 CD40109BNSR
