Removed Pin From Net: NetName=MISO Pin=R21-1
Removed Pin From Net: NetName=PA5 Pin=U4-3
Removed Pin From Net: NetName=SCK Pin=U4-4
Removed Pin From Net: NetName=PA6 Pin=U4-6
Removed Member From Class: ClassName=FEV-60_IO_Board Member=R21
Added Component: Designator=R?(J1-0603)
Add component. Clean all parameters for all variants
Add component (AddParameter): Name = "LatestRevisionDate"; Value = "29-May-2009"; VariantName = "[No Variations]"
Add component (AddParameter): Name = "LatestRevisionNote"; Value = "IPC-7351 Footprint Added."; VariantName = "[No Variations]"
Add component (AddParameter): Name = "PackageDescription"; Value = "Chip Resistor"; VariantName = "[No Variations]"
Add component (AddParameter): Name = "PackageReference"; Value = "J1-0603"; VariantName = "[No Variations]"
Add component (AddParameter): Name = "Published"; Value = "8-Jun-2000"; VariantName = "[No Variations]"
Add component (AddParameter): Name = "Publisher"; Value = "Altium Limited"; VariantName = "[No Variations]"
Add component (AddParameter): Name = "Value"; Value = "0"; VariantName = "[No Variations]"
Added Pin To Net: NetName=MISO Pin=R?-1
Added Pin To Net: NetName=PA6 Pin=U4-3
Added Pin To Net: NetName=SCK Pin=U4-5
Added Pin To Net: NetName=PA5 Pin=U4-6
Added Pin To Net: NetName=NetR?_2 Pin=R?-2
Added Pin To Net: NetName=NetR?_2 Pin=U4-4
Added Net: Name=NetR?_2
Added Member To Class: ClassName=FEV-60_IO_Board Member=Component R? Res3
