Removed Pin From Net: NetName=PA10 Pin=J1-1
Removed Pin From Net: NetName=PB6 Pin=J1-2
Removed Pin From Net: NetName=PA3 Pin=J1-3
Removed Pin From Net: NetName=GND Pin=J1-7
Removed Pin From Net: NetName=+24 Pin=J1-8
Removed Pin From Net: NetName=PA9 Pin=J1-9
Removed Pin From Net: NetName=PB7 Pin=J1-10
Removed Pin From Net: NetName=PF5 Pin=J1-11
Removed Pin From Net: NetName=GND Pin=J1-14
Removed Pin From Net: NetName=+24 Pin=J1-15
Removed Pin From Net: NetName=GND Pin=J1-16
Removed Pin From Net: NetName=GND Pin=J1-17
Change Component Footprint: Designator=J1 Old Footprint=DSUB1.385-2H15 New Footprint=DSUB1.385-2H25A
Change Component Comment : Designator=J1 Old Comment=D Connector 15 New Comment=D Connector 25
Change component parameters: Designator = "J1"; Footprint = "DSUB1.385-2H25A"; UniqueID = "\JSDRKEQA"
Change component parameters. Clean all parameters for all variants
Change component parameters (AddParameter): Name = "DatasheetDocument"; Value = "19-Mar-1999"; VariantName = "[No Variations]"
Change component parameters (AddParameter): Name = "Gender"; Value = "Receptacle"; VariantName = "[No Variations]"
Change component parameters (AddParameter): Name = "LatestRevisionDate"; Value = "17-Jul-2002"; VariantName = "[No Variations]"
Change component parameters (AddParameter): Name = "LatestRevisionNote"; Value = "Re-released for DXP Platform."; VariantName = "[No Variations]"
Change component parameters (AddParameter): Name = "Orientation"; Value = "Right Angle"; VariantName = "[No Variations]"
Change component parameters (AddParameter): Name = "PackageDocument"; Value = "U"; VariantName = "[No Variations]"
Change component parameters (AddParameter): Name = "PackageReference"; Value = "787202"; VariantName = "[No Variations]"
Change component parameters (AddParameter): Name = "Positions"; Value = "25"; VariantName = "[No Variations]"
Change component parameters (AddParameter): Name = "Published"; Value = "15-Jun-2001"; VariantName = "[No Variations]"
Change component parameters (AddParameter): Name = "Publisher"; Value = "Altium Limited"; VariantName = "[No Variations]"
Added Pin To Net: NetName=PA9 Pin=J1-4
Added Pin To Net: NetName=PB7 Pin=J1-5
Added Pin To Net: NetName=PF5 Pin=J1-6
Added Pin To Net: NetName=GND Pin=J1-8
Added Pin To Net: NetName=PA10 Pin=J1-16
Added Pin To Net: NetName=PB6 Pin=J1-17
Added Pin To Net: NetName=PA3 Pin=J1-18
Added Pin To Net: NetName=GND Pin=J1-21
