Added Component: Designator=B1(Button)
Add component. Clean all parameters for all variants
Added Component: Designator=D1(STPS2L30A)
Add component. Clean all parameters for all variants
Add component (AddParameter): Name = "Distrib"; Value = "ST"; VariantName = "[No Variations]"
Add component (AddParameter): Name = "ECCN_US/EU"; Value = "EAR99/NEC"; VariantName = "[No Variations]"
Add component (AddParameter): Name = "Manuf_1"; Value = "STM"; VariantName = "[No Variations]"
Add component (AddParameter): Name = "Manuf_Part_1"; Value = "BAT60JFILM"; VariantName = "[No Variations]"
Add component (AddParameter): Name = "Order"; Value = "BAT60JFILM"; VariantName = "[No Variations]"
Add component (AddParameter): Name = "Provided"; Value = "ST"; VariantName = "[No Variations]"
Add component (AddParameter): Name = "Revision"; Value = "July-2002: Re-released for DXP Platform."; VariantName = "[No Variations]"
Added Component: Designator=U2(LD1117S33TR)
Add component. Clean all parameters for all variants
Added Pin To Net: NetName=GND Pin=B1-1
Added Pin To Net: NetName=NRST Pin=B1-2
Added Pin To Net: NetName=NRST Pin=B1-3
Added Pin To Net: NetName=GND Pin=B1-4
Added Pin To Net: NetName=VIN Pin=D1-1
Added Pin To Net: NetName=NetC7_2 Pin=D1-2
Added Pin To Net: NetName=GND Pin=U2-1
Added Pin To Net: NetName=VDD Pin=U2-2
Added Pin To Net: NetName=+12 Pin=U2-3
Added Pin To Net: NetName=VDD Pin=U2-4
Added Member To Class: ClassName=FEV-60_IO_Board Member=Component B1 TD-0341 [RESET/Black]
Added Member To Class: ClassName=FEV-60_IO_Board Member=Component D1 STPS2L30A
Added Member To Class: ClassName=FEV-60_IO_Board Member=Component U2 LD1117S33TR
