Removed Pin From Net: NetName=PB7 Pin=J1-3
Removed Pin From Net: NetName=PA3 Pin=J1-4
Removed Pin From Net: NetName=GND Pin=J1-5
Removed Pin From Net: NetName=PA9 Pin=J1-6
Removed Pin From Net: NetName=PB6 Pin=J1-7
Removed Pin From Net: NetName=PF5 Pin=J1-9
Removed Pin From Net: NetName=GND Pin=J1-10
Removed Pin From Net: NetName=GND Pin=J1-11
Change Component Footprint: Designator=J1 Old Footprint=DSUB1.385-2H9 New Footprint=DSUB1.385-2H15
Change Component Comment : Designator=J1 Old Comment=D Connector 9 New Comment=D Connector 15
Change component parameters: Designator = "J1"; Footprint = "DSUB1.385-2H15"; UniqueID = "\LREKVGMX"
Change component parameters. Clean all parameters for all variants
Change component parameters (AddParameter): Name = "DatasheetDocument"; Value = "1-Sep-99"; VariantName = "[No Variations]"
Change component parameters (AddParameter): Name = "Gender"; Value = "Receptacle"; VariantName = "[No Variations]"
Change component parameters (AddParameter): Name = "LatestRevisionDate"; Value = "17-Jul-2002"; VariantName = "[No Variations]"
Change component parameters (AddParameter): Name = "LatestRevisionNote"; Value = "Re-released for DXP Platform."; VariantName = "[No Variations]"
Change component parameters (AddParameter): Name = "Orientation"; Value = "Right Angle"; VariantName = "[No Variations]"
Change component parameters (AddParameter): Name = "PackageDocument"; Value = "O"; VariantName = "[No Variations]"
Change component parameters (AddParameter): Name = "PackageReference"; Value = "788757"; VariantName = "[No Variations]"
Change component parameters (AddParameter): Name = "Positions"; Value = "15"; VariantName = "[No Variations]"
Change component parameters (AddParameter): Name = "Published"; Value = "15-Jun-2001"; VariantName = "[No Variations]"
Change component parameters (AddParameter): Name = "Publisher"; Value = "Altium Limited"; VariantName = "[No Variations]"
Added Pin To Net: NetName=PB6 Pin=J1-2
Added Pin To Net: NetName=PA3 Pin=J1-3
Added Pin To Net: NetName=GND Pin=J1-7
Added Pin To Net: NetName=+24 Pin=J1-8
Added Pin To Net: NetName=PA9 Pin=J1-9
Added Pin To Net: NetName=PB7 Pin=J1-10
Added Pin To Net: NetName=PF5 Pin=J1-11
Added Pin To Net: NetName=GND Pin=J1-14
Added Pin To Net: NetName=+24 Pin=J1-15
Added Pin To Net: NetName=GND Pin=J1-16
Added Pin To Net: NetName=GND Pin=J1-17
