Removed Pin From Net: NetName=+5 Pin=CN1-1
Removed Pin From Net: NetName=+5 Pin=CN2-1
Removed Pin From Net: NetName=+5 Pin=CN3-1
Removed Pin From Net: NetName=+5 Pin=CN4-1
Removed Pin From Net: NetName=+5 Pin=CN5-1
Removed Pin From Net: NetName=GND Pin=J1-8
Removed Pin From Net: NetName=PA3 Pin=J1-18
Removed Pin From Net: NetName=GND Pin=J1-21
Removed Member From Class: ClassName=FEV-60_IO_Board Member=CN1
Removed Member From Class: ClassName=FEV-60_IO_Board Member=CN2
Removed Member From Class: ClassName=FEV-60_IO_Board Member=CN3
Removed Member From Class: ClassName=FEV-60_IO_Board Member=CN4
Removed Member From Class: ClassName=FEV-60_IO_Board Member=CN5
Added Pin To Net: NetName=+24 Pin=J1-1
Added Pin To Net: NetName=GND Pin=J1-2
Added Pin To Net: NetName=GND Pin=J1-3
Added Pin To Net: NetName=PF4 Pin=J1-7
Added Pin To Net: NetName=GND Pin=J1-13
Added Pin To Net: NetName=+24 Pin=J1-14
Added Pin To Net: NetName=GND Pin=J1-15
Added Pin To Net: NetName=PA4 Pin=J1-18
Added Pin To Net: NetName=PA3 Pin=J1-19
Added Pin To Net: NetName=+5 Pin=J1-20
Added Pin To Net: NetName=+5 Pin=J1-21
Added Pin To Net: NetName=+5 Pin=J1-22
Added Pin To Net: NetName=+5 Pin=J1-23
Added Pin To Net: NetName=+5 Pin=J1-24
Added Pin To Net: NetName=GND Pin=J1-25
Added Pin To Net: NetName=GND Pin=J1-26
Added Pin To Net: NetName=GND Pin=J1-27
Added Pin To Net: NetName=BATTERY Pin=J1-8
Added Pin To Net: NetName=BATTERY Pin=R2-2
Added Net: Name=BATTERY
Added Pin To Net: NetName=EXTRA Pin=J1-12
Added Pin To Net: NetName=EXTRA Pin=R6-2
Added Net: Name=EXTRA
Added Pin To Net: NetName=MOTOR_1 Pin=J1-9
Added Pin To Net: NetName=MOTOR_1 Pin=R3-2
Added Net: Name=MOTOR_1
Added Pin To Net: NetName=MOTOR_2 Pin=J1-10
Added Pin To Net: NetName=MOTOR_2 Pin=R4-2
Added Net: Name=MOTOR_2
Added Pin To Net: NetName=PGOOD Pin=J1-11
Added Pin To Net: NetName=PGOOD Pin=R5-2
Added Net: Name=PGOOD
