Removed Pin From Net: NetName=PA9 Pin=CN6-1
Removed Pin From Net: NetName=PA10 Pin=CN6-2
Removed Pin From Net: NetName=PB6 Pin=CN7-1
Removed Pin From Net: NetName=PB7 Pin=CN7-2
Removed Pin From Net: NetName=PA3 Pin=CN9-1
Removed Pin From Net: NetName=PF5 Pin=CN9-2
Removed Member From Class: ClassName=FEV-60_IO_Board Member=CN6
Removed Member From Class: ClassName=FEV-60_IO_Board Member=CN7
Removed Member From Class: ClassName=FEV-60_IO_Board Member=CN9
Added Component: Designator=J?(DSUB1.385-2H9)
Add component. Clean all parameters for all variants
Add component (AddParameter): Name = "DatasheetDocument"; Value = "1-Sep-1999"; VariantName = "[No Variations]"
Add component (AddParameter): Name = "Gender"; Value = "Receptacle"; VariantName = "[No Variations]"
Add component (AddParameter): Name = "LatestRevisionDate"; Value = "17-Jul-2002"; VariantName = "[No Variations]"
Add component (AddParameter): Name = "LatestRevisionNote"; Value = "Re-released for DXP Platform."; VariantName = "[No Variations]"
Add component (AddParameter): Name = "Orientation"; Value = "Right Angle"; VariantName = "[No Variations]"
Add component (AddParameter): Name = "PackageDocument"; Value = "O"; VariantName = "[No Variations]"
Add component (AddParameter): Name = "PackageReference"; Value = "788750"; VariantName = "[No Variations]"
Add component (AddParameter): Name = "Positions"; Value = "9"; VariantName = "[No Variations]"
Add component (AddParameter): Name = "Published"; Value = "15-Jun-2001"; VariantName = "[No Variations]"
Add component (AddParameter): Name = "Publisher"; Value = "Altium Limited"; VariantName = "[No Variations]"
Added Pin To Net: NetName=PA10 Pin=J?-1
Added Pin To Net: NetName=PB7 Pin=J?-3
Added Pin To Net: NetName=PA3 Pin=J?-4
Added Pin To Net: NetName=GND Pin=J?-5
Added Pin To Net: NetName=PA9 Pin=J?-6
Added Pin To Net: NetName=PB6 Pin=J?-7
Added Pin To Net: NetName=PF5 Pin=J?-9
Added Pin To Net: NetName=GND Pin=J?-10
Added Pin To Net: NetName=GND Pin=J?-11
Added Member To Class: ClassName=FEV-60_IO_Board Member=Component J? D Connector 9
