Added Component: Designator=1(*JST_S7B-XH-A(LF)(SN))
Add component (AddParameter): Name = "Availability"; Value = "Unavailable"; VariantName = "[No Variations]"
Add component (AddParameter): Name = "MF"; Value = "JST Sales"; VariantName = "[No Variations]"
Add component (AddParameter): Name = "MP"; Value = "S7B-XH-A_LF__SN_"; VariantName = "[No Variations]"
Add component (AddParameter): Name = "Package"; Value = "None"; VariantName = "[No Variations]"
Add component (AddParameter): Name = "Price"; Value = "None"; VariantName = "[No Variations]"
Add component (AddParameter): Name = "SnapEDA_Link"; Value = "https://www.snapeda.com/parts/S7B-XH-A%28LF%29%28SN%29/JST%20Sales%20America%20Inc./view-part/2768211/?ref=snap"; VariantName = "[No Variations]"
Add component (AddParameter): Name = "Value"; Value = ""; VariantName = "[No Variations]"
Added Component: Designator=2(*JST_S7B-XH-A(LF)(SN))
Add component (AddParameter): Name = "Availability"; Value = "Unavailable"; VariantName = "[No Variations]"
Add component (AddParameter): Name = "MF"; Value = "JST Sales"; VariantName = "[No Variations]"
Add component (AddParameter): Name = "MP"; Value = "S7B-XH-A_LF__SN_"; VariantName = "[No Variations]"
Add component (AddParameter): Name = "Package"; Value = "None"; VariantName = "[No Variations]"
Add component (AddParameter): Name = "Price"; Value = "None"; VariantName = "[No Variations]"
Add component (AddParameter): Name = "SnapEDA_Link"; Value = "https://www.snapeda.com/parts/S7B-XH-A%28LF%29%28SN%29/JST%20Sales%20America%20Inc./view-part/2768211/?ref=snap"; VariantName = "[No Variations]"
Add component (AddParameter): Name = "Value"; Value = ""; VariantName = "[No Variations]"
Added Component: Designator=3(*JST_S7B-XH-A(LF)(SN))
Add component (AddParameter): Name = "Availability"; Value = "Unavailable"; VariantName = "[No Variations]"
Add component (AddParameter): Name = "MF"; Value = "JST Sales"; VariantName = "[No Variations]"
Add component (AddParameter): Name = "MP"; Value = "S7B-XH-A_LF__SN_"; VariantName = "[No Variations]"
Add component (AddParameter): Name = "Package"; Value = "None"; VariantName = "[No Variations]"
Add component (AddParameter): Name = "Price"; Value = "None"; VariantName = "[No Variations]"
Add component (AddParameter): Name = "SnapEDA_Link"; Value = "https://www.snapeda.com/parts/S7B-XH-A%28LF%29%28SN%29/JST%20Sales%20America%20Inc./view-part/2768211/?ref=snap"; VariantName = "[No Variations]"
Add component (AddParameter): Name = "Value"; Value = ""; VariantName = "[No Variations]"
Added Component: Designator=4(*JST_S7B-XH-A(LF)(SN))
Add component (AddParameter): Name = "Availability"; Value = "Unavailable"; VariantName = "[No Variations]"
Add component (AddParameter): Name = "MF"; Value = "JST Sales"; VariantName = "[No Variations]"
Add component (AddParameter): Name = "MP"; Value = "S7B-XH-A_LF__SN_"; VariantName = "[No Variations]"
Add component (AddParameter): Name = "Package"; Value = "None"; VariantName = "[No Variations]"
Add component (AddParameter): Name = "Price"; Value = "None"; VariantName = "[No Variations]"
Add component (AddParameter): Name = "SnapEDA_Link"; Value = "https://www.snapeda.com/parts/S7B-XH-A%28LF%29%28SN%29/JST%20Sales%20America%20Inc./view-part/2768211/?ref=snap"; VariantName = "[No Variations]"
Add component (AddParameter): Name = "Value"; Value = ""; VariantName = "[No Variations]"
Added Component: Designator=5(*JST_S7B-XH-A(LF)(SN))
Add component (AddParameter): Name = "Availability"; Value = "Unavailable"; VariantName = "[No Variations]"
Add component (AddParameter): Name = "MF"; Value = "JST Sales"; VariantName = "[No Variations]"
Add component (AddParameter): Name = "MP"; Value = "S7B-XH-A_LF__SN_"; VariantName = "[No Variations]"
Add component (AddParameter): Name = "Package"; Value = "None"; VariantName = "[No Variations]"
Add component (AddParameter): Name = "Price"; Value = "None"; VariantName = "[No Variations]"
Add component (AddParameter): Name = "SnapEDA_Link"; Value = "https://www.snapeda.com/parts/S7B-XH-A%28LF%29%28SN%29/JST%20Sales%20America%20Inc./view-part/2768211/?ref=snap"; VariantName = "[No Variations]"
Add component (AddParameter): Name = "Value"; Value = ""; VariantName = "[No Variations]"
Added Component: Designator=BMS 1(*JST_S7B-XH-A(LF)(SN))
Added Component: Designator=BMS 2(*JST_S7B-XH-A(LF)(SN))
Added Component: Designator=BMS 3(*JST_S7B-XH-A(LF)(SN))
Added Component: Designator=BMS 4(*JST_S7B-XH-A(LF)(SN))
Added Component: Designator=BMS 5(*JST_S7B-XH-A(LF)(SN))
Added Component: Designator=Q1(*AMASS_XT60PB-M)
Add component (AddParameter): Name = "Availability"; Value = "Unavailable"; VariantName = "[No Variations]"
Add component (AddParameter): Name = "MF"; Value = "Pololu"; VariantName = "[No Variations]"
Add component (AddParameter): Name = "MP"; Value = "XT60 YELLOW"; VariantName = "[No Variations]"
Add component (AddParameter): Name = "Package"; Value = "None"; VariantName = "[No Variations]"
Add component (AddParameter): Name = "Price"; Value = "None"; VariantName = "[No Variations]"
Add component (AddParameter): Name = "SnapEDA_Link"; Value = "https://www.snapeda.com/parts/XT60%20YELLOW/Pololu/view-part/423230/?ref=snap"; VariantName = "[No Variations]"
Add component (AddParameter): Name = "Value"; Value = ""; VariantName = "[No Variations]"
Added Component: Designator=Q2(*AMASS_XT60PB-M)
Add component (AddParameter): Name = "Availability"; Value = "Unavailable"; VariantName = "[No Variations]"
Add component (AddParameter): Name = "MF"; Value = "Pololu"; VariantName = "[No Variations]"
Add component (AddParameter): Name = "MP"; Value = "XT60 YELLOW"; VariantName = "[No Variations]"
Add component (AddParameter): Name = "Package"; Value = "None"; VariantName = "[No Variations]"
Add component (AddParameter): Name = "Price"; Value = "None"; VariantName = "[No Variations]"
Add component (AddParameter): Name = "SnapEDA_Link"; Value = "https://www.snapeda.com/parts/XT60%20YELLOW/Pololu/view-part/423230/?ref=snap"; VariantName = "[No Variations]"
Add component (AddParameter): Name = "Value"; Value = ""; VariantName = "[No Variations]"
Added Component: Designator=Q3(*AMASS_XT60PB-M)
Add component (AddParameter): Name = "Availability"; Value = "Unavailable"; VariantName = "[No Variations]"
Add component (AddParameter): Name = "MF"; Value = "Pololu"; VariantName = "[No Variations]"
Add component (AddParameter): Name = "MP"; Value = "XT60 YELLOW"; VariantName = "[No Variations]"
Add component (AddParameter): Name = "Package"; Value = "None"; VariantName = "[No Variations]"
Add component (AddParameter): Name = "Price"; Value = "None"; VariantName = "[No Variations]"
Add component (AddParameter): Name = "SnapEDA_Link"; Value = "https://www.snapeda.com/parts/XT60%20YELLOW/Pololu/view-part/423230/?ref=snap"; VariantName = "[No Variations]"
Add component (AddParameter): Name = "Value"; Value = ""; VariantName = "[No Variations]"
Added Component: Designator=Q4(*AMASS_XT60PB-M)
Add component (AddParameter): Name = "Availability"; Value = "Unavailable"; VariantName = "[No Variations]"
Add component (AddParameter): Name = "MF"; Value = "Pololu"; VariantName = "[No Variations]"
Add component (AddParameter): Name = "MP"; Value = "XT60 YELLOW"; VariantName = "[No Variations]"
Add component (AddParameter): Name = "Package"; Value = "None"; VariantName = "[No Variations]"
Add component (AddParameter): Name = "Price"; Value = "None"; VariantName = "[No Variations]"
Add component (AddParameter): Name = "SnapEDA_Link"; Value = "https://www.snapeda.com/parts/XT60%20YELLOW/Pololu/view-part/423230/?ref=snap"; VariantName = "[No Variations]"
Add component (AddParameter): Name = "Value"; Value = ""; VariantName = "[No Variations]"
Added Component: Designator=Q5(*AMASS_XT60PB-M)
Add component (AddParameter): Name = "Availability"; Value = "Unavailable"; VariantName = "[No Variations]"
Add component (AddParameter): Name = "MF"; Value = "Pololu"; VariantName = "[No Variations]"
Add component (AddParameter): Name = "MP"; Value = "XT60 YELLOW"; VariantName = "[No Variations]"
Add component (AddParameter): Name = "Package"; Value = "None"; VariantName = "[No Variations]"
Add component (AddParameter): Name = "Price"; Value = "None"; VariantName = "[No Variations]"
Add component (AddParameter): Name = "SnapEDA_Link"; Value = "https://www.snapeda.com/parts/XT60%20YELLOW/Pololu/view-part/423230/?ref=snap"; VariantName = "[No Variations]"
Add component (AddParameter): Name = "Value"; Value = ""; VariantName = "[No Variations]"
Added Pin To Net: NetName=Net1_1 Pin=1-1
Added Pin To Net: NetName=Net1_2 Pin=1-2
Added Pin To Net: NetName=Net1_3 Pin=1-3
Added Pin To Net: NetName=Net1_4 Pin=1-4
Added Pin To Net: NetName=Net1_5 Pin=1-5
Added Pin To Net: NetName=Net1_6 Pin=1-6
Added Pin To Net: NetName=Net1_7 Pin=1-7
Added Pin To Net: NetName=Net2_1 Pin=2-1
Added Pin To Net: NetName=Net2_2 Pin=2-2
Added Pin To Net: NetName=Net2_3 Pin=2-3
Added Pin To Net: NetName=Net2_4 Pin=2-4
Added Pin To Net: NetName=Net2_5 Pin=2-5
Added Pin To Net: NetName=Net2_6 Pin=2-6
Added Pin To Net: NetName=Net2_7 Pin=2-7
Added Pin To Net: NetName=Net3_1 Pin=3-1
Added Pin To Net: NetName=Net3_2 Pin=3-2
Added Pin To Net: NetName=Net3_3 Pin=3-3
Added Pin To Net: NetName=Net3_4 Pin=3-4
Added Pin To Net: NetName=Net3_5 Pin=3-5
Added Pin To Net: NetName=Net3_6 Pin=3-6
Added Pin To Net: NetName=Net3_7 Pin=3-7
Added Pin To Net: NetName=Net4_1 Pin=4-1
Added Pin To Net: NetName=Net4_2 Pin=4-2
Added Pin To Net: NetName=Net4_3 Pin=4-3
Added Pin To Net: NetName=Net4_4 Pin=4-4
Added Pin To Net: NetName=Net4_5 Pin=4-5
Added Pin To Net: NetName=Net4_6 Pin=4-6
Added Pin To Net: NetName=Net4_7 Pin=4-7
Added Pin To Net: NetName=Net5_1 Pin=5-1
Added Pin To Net: NetName=Net5_2 Pin=5-2
Added Pin To Net: NetName=Net5_3 Pin=5-3
Added Pin To Net: NetName=Net5_4 Pin=5-4
Added Pin To Net: NetName=Net5_5 Pin=5-5
Added Pin To Net: NetName=Net5_6 Pin=5-6
Added Pin To Net: NetName=Net5_7 Pin=5-7
Added Pin To Net: NetName=Net1_1 Pin=BMS 1-0
Added Pin To Net: NetName=Net1_2 Pin=BMS 1-1
Added Pin To Net: NetName=Net1_3 Pin=BMS 1-2
Added Pin To Net: NetName=Net1_4 Pin=BMS 1-3
Added Pin To Net: NetName=NetBMS 1_4 Pin=BMS 1-4
Added Pin To Net: NetName=Net1_5 Pin=BMS 1-5
Added Pin To Net: NetName=Net1_6 Pin=BMS 1-6
Added Pin To Net: NetName=Net1_7 Pin=BMS 1-7
Added Pin To Net: NetName=Net2_1 Pin=BMS 2-0
Added Pin To Net: NetName=Net2_2 Pin=BMS 2-1
Added Pin To Net: NetName=Net2_3 Pin=BMS 2-2
Added Pin To Net: NetName=Net2_4 Pin=BMS 2-3
Added Pin To Net: NetName=Net1_7 Pin=BMS 2-4
Added Pin To Net: NetName=Net2_5 Pin=BMS 2-5
Added Pin To Net: NetName=Net2_6 Pin=BMS 2-6
Added Pin To Net: NetName=Net2_7 Pin=BMS 2-7
Added Pin To Net: NetName=Net3_1 Pin=BMS 3-0
Added Pin To Net: NetName=Net3_2 Pin=BMS 3-1
Added Pin To Net: NetName=Net3_3 Pin=BMS 3-2
Added Pin To Net: NetName=Net3_4 Pin=BMS 3-3
Added Pin To Net: NetName=Net2_7 Pin=BMS 3-4
Added Pin To Net: NetName=Net3_5 Pin=BMS 3-5
Added Pin To Net: NetName=Net3_6 Pin=BMS 3-6
Added Pin To Net: NetName=Net3_7 Pin=BMS 3-7
Added Pin To Net: NetName=Net4_1 Pin=BMS 4-0
Added Pin To Net: NetName=Net4_2 Pin=BMS 4-1
Added Pin To Net: NetName=Net4_3 Pin=BMS 4-2
Added Pin To Net: NetName=Net4_4 Pin=BMS 4-3
Added Pin To Net: NetName=Net3_7 Pin=BMS 4-4
Added Pin To Net: NetName=Net4_5 Pin=BMS 4-5
Added Pin To Net: NetName=Net4_6 Pin=BMS 4-6
Added Pin To Net: NetName=Net4_7 Pin=BMS 4-7
Added Pin To Net: NetName=Net5_1 Pin=BMS 5-0
Added Pin To Net: NetName=Net5_2 Pin=BMS 5-1
Added Pin To Net: NetName=Net5_3 Pin=BMS 5-2
Added Pin To Net: NetName=Net5_4 Pin=BMS 5-3
Added Pin To Net: NetName=Net4_7 Pin=BMS 5-4
Added Pin To Net: NetName=Net5_5 Pin=BMS 5-5
Added Pin To Net: NetName=Net5_6 Pin=BMS 5-6
Added Pin To Net: NetName=Net5_7 Pin=BMS 5-7
Added Pin To Net: NetName=Net1_7 Pin=Q1-1
Added Pin To Net: NetName=NetBMS 1_4 Pin=Q1-2
Added Pin To Net: NetName=Net2_7 Pin=Q2-1
Added Pin To Net: NetName=Net1_7 Pin=Q2-2
Added Pin To Net: NetName=Net3_7 Pin=Q3-1
Added Pin To Net: NetName=Net2_7 Pin=Q3-2
Added Pin To Net: NetName=Net4_7 Pin=Q4-1
Added Pin To Net: NetName=Net3_7 Pin=Q4-2
Added Pin To Net: NetName=Net5_7 Pin=Q5-1
Added Pin To Net: NetName=Net4_7 Pin=Q5-2
Added Member To Class: ClassName=Sheet1 Member=Component 1 S7B-XH-A(LF)(SN)
Added Member To Class: ClassName=Sheet1 Member=Component 2 S7B-XH-A(LF)(SN)
Added Member To Class: ClassName=Sheet1 Member=Component 3 S7B-XH-A(LF)(SN)
Added Member To Class: ClassName=Sheet1 Member=Component 4 S7B-XH-A(LF)(SN)
Added Member To Class: ClassName=Sheet1 Member=Component 5 S7B-XH-A(LF)(SN)
Added Member To Class: ClassName=Sheet1 Member=Component BMS 1
Added Member To Class: ClassName=Sheet1 Member=Component BMS 2
Added Member To Class: ClassName=Sheet1 Member=Component BMS 3
Added Member To Class: ClassName=Sheet1 Member=Component BMS 4
Added Member To Class: ClassName=Sheet1 Member=Component BMS 5
Added Member To Class: ClassName=Sheet1 Member=Component Q1 XT60_YELLOW
Added Member To Class: ClassName=Sheet1 Member=Component Q2 XT60_YELLOW
Added Member To Class: ClassName=Sheet1 Member=Component Q3 XT60_YELLOW
Added Member To Class: ClassName=Sheet1 Member=Component Q4 XT60_YELLOW
Added Member To Class: ClassName=Sheet1 Member=Component Q5 XT60_YELLOW
Added Room: Name=Sheet1
