Added Component: Designator=U2(STM32F030R8)
Add component. Clean all parameters for all variants
Added Pin To Net: NetName=VDD Pin=U2-1
Added Pin To Net: NetName=PC13 Pin=U2-2
Added Pin To Net: NetName=PC14 Pin=U2-3
Added Pin To Net: NetName=PC15 Pin=U2-4
Added Pin To Net: NetName=PF0 Pin=U2-5
Added Pin To Net: NetName=PF1 Pin=U2-6
Added Pin To Net: NetName=NRST Pin=U2-7
Added Pin To Net: NetName=PC0 Pin=U2-8
Added Pin To Net: NetName=PC1 Pin=U2-9
Added Pin To Net: NetName=PC2 Pin=U2-10
Added Pin To Net: NetName=PC3 Pin=U2-11
Added Pin To Net: NetName=AGND Pin=U2-12
Added Pin To Net: NetName=AVDD Pin=U2-13
Added Pin To Net: NetName=PA0 Pin=U2-14
Added Pin To Net: NetName=PA1 Pin=U2-15
Added Pin To Net: NetName=PA2 Pin=U2-16
Added Pin To Net: NetName=PA3 Pin=U2-17
Added Pin To Net: NetName=PF4 Pin=U2-18
Added Pin To Net: NetName=PF5 Pin=U2-19
Added Pin To Net: NetName=PA4 Pin=U2-20
Added Pin To Net: NetName=PA5 Pin=U2-21
Added Pin To Net: NetName=PA6 Pin=U2-22
Added Pin To Net: NetName=PA7 Pin=U2-23
Added Pin To Net: NetName=PC4 Pin=U2-24
Added Pin To Net: NetName=PC5 Pin=U2-25
Added Pin To Net: NetName=PB0 Pin=U2-26
Added Pin To Net: NetName=PB1 Pin=U2-27
Added Pin To Net: NetName=PB2 Pin=U2-28
Added Pin To Net: NetName=PB10 Pin=U2-29
Added Pin To Net: NetName=PB11 Pin=U2-30
Added Pin To Net: NetName=GND Pin=U2-31
Added Pin To Net: NetName=VDD Pin=U2-32
Added Pin To Net: NetName=PB12 Pin=U2-33
Added Pin To Net: NetName=PB13 Pin=U2-34
Added Pin To Net: NetName=PB14 Pin=U2-35
Added Pin To Net: NetName=PB15 Pin=U2-36
Added Pin To Net: NetName=PC6 Pin=U2-37
Added Pin To Net: NetName=PC7 Pin=U2-38
Added Pin To Net: NetName=PC8 Pin=U2-39
Added Pin To Net: NetName=PC9 Pin=U2-40
Added Pin To Net: NetName=PA8 Pin=U2-41
Added Pin To Net: NetName=PA9 Pin=U2-42
Added Pin To Net: NetName=PA10 Pin=U2-43
Added Pin To Net: NetName=PA11 Pin=U2-44
Added Pin To Net: NetName=PA12 Pin=U2-45
Added Pin To Net: NetName=TMS Pin=U2-46
Added Pin To Net: NetName=PF6 Pin=U2-47
Added Pin To Net: NetName=PF7 Pin=U2-48
Added Pin To Net: NetName=TCK Pin=U2-49
Added Pin To Net: NetName=PA15 Pin=U2-50
Added Pin To Net: NetName=PC10 Pin=U2-51
Added Pin To Net: NetName=PC11 Pin=U2-52
Added Pin To Net: NetName=PC12 Pin=U2-53
Added Pin To Net: NetName=PD2 Pin=U2-54
Added Pin To Net: NetName=PB3 Pin=U2-55
Added Pin To Net: NetName=PB4 Pin=U2-56
Added Pin To Net: NetName=PB5 Pin=U2-57
Added Pin To Net: NetName=PB6 Pin=U2-58
Added Pin To Net: NetName=PB7 Pin=U2-59
Added Pin To Net: NetName=BOOT0 Pin=U2-60
Added Pin To Net: NetName=PB8 Pin=U2-61
Added Pin To Net: NetName=PB9 Pin=U2-62
Added Pin To Net: NetName=GND Pin=U2-63
Added Pin To Net: NetName=VDD Pin=U2-64
Added Member To Class: ClassName=FEV-60_Motor_uC Member=Component U2 MCU_LQFP64
