Added Component: Designator=R2(J1-0603)
Add component. Clean all parameters for all variants
Add component (AddParameter): Name = "LatestRevisionDate"; Value = "29-May-2009"; VariantName = "[No Variations]"
Add component (AddParameter): Name = "LatestRevisionNote"; Value = "IPC-7351 Footprint Added."; VariantName = "[No Variations]"
Add component (AddParameter): Name = "PackageDescription"; Value = "Chip Resistor"; VariantName = "[No Variations]"
Add component (AddParameter): Name = "PackageReference"; Value = "J1-0603"; VariantName = "[No Variations]"
Add component (AddParameter): Name = "Published"; Value = "8-Jun-2000"; VariantName = "[No Variations]"
Add component (AddParameter): Name = "Publisher"; Value = "Altium Limited"; VariantName = "[No Variations]"
Add component (AddParameter): Name = "Value"; Value = "0"; VariantName = "[No Variations]"
Added Net: Name=+3V3
Added Pin To Net: NetName=AGND Pin=R2-2
Added Net: Name=AGND
Added Net: Name=AVDD
Added Net: Name=BOOT0
Added Pin To Net: NetName=GND Pin=R2-1
Added Net: Name=GND
Added Net: Name=NetC2_1
Added Net: Name=NetC12_1
Added Net: Name=NetLD1_1
Added Net: Name=NetLD2_1
Added Net: Name=NRST
Added Net: Name=PA0
Added Net: Name=PA1
Added Net: Name=PA2
Added Net: Name=PA3
Added Net: Name=PA4
Added Net: Name=PA5
Added Net: Name=PA6
Added Net: Name=PA7
Added Net: Name=PA8
Added Net: Name=PA9
Added Net: Name=PA10
Added Net: Name=PA11
Added Net: Name=PA12
Added Net: Name=PA13
Added Net: Name=PA14
Added Net: Name=PA15
Added Net: Name=PB0
Added Net: Name=PB1
Added Net: Name=PB2
Added Net: Name=PB3
Added Net: Name=PB4
Added Net: Name=PB5
Added Net: Name=PB6
Added Net: Name=PB7
Added Net: Name=PB8
Added Net: Name=PB9
Added Net: Name=PB10
Added Net: Name=PB11
Added Net: Name=PB12
Added Net: Name=PB13
Added Net: Name=PB14
Added Net: Name=PB15
Added Net: Name=PC0
Added Net: Name=PC1
Added Net: Name=PC2
Added Net: Name=PC3
Added Net: Name=PC4
Added Net: Name=PC5
Added Net: Name=PC6
Added Net: Name=PC7
Added Net: Name=PC8
Added Net: Name=PC9
Added Net: Name=PC10
Added Net: Name=PC11
Added Net: Name=PC12
Added Net: Name=PC13
Added Net: Name=PC14
Added Net: Name=PC15
Added Net: Name=PD2
Added Net: Name=PF0
Added Net: Name=PF1
Added Net: Name=PF4
Added Net: Name=PF5
Added Net: Name=PF6
Added Net: Name=PF7
Added Net: Name=VDD
Added Net: Name=VIN
Added Class: Name=FEV-60_Motor_uC
Added Room: Name=FEV-60_Motor_uC
