Added Component: Designator=Q1(TPH2900ENH)
Add component. Clean all parameters for all variants
Add component (AddParameter): Name = "ComponentLink1Description"; Value = "TPH2900ENH"; VariantName = "[No Variations]"
Add component (AddParameter): Name = "ComponentLink1URL"; Value = "https://www.digikey.com/product-detail/en/toshiba-semiconductor-and-storage/TPH2900ENHL1Q/TPH2900ENHL1QCT-ND/5456291"; VariantName = "[No Variations]"
Add component (AddParameter): Name = "Manufacturer"; Value = "Toshiba"; VariantName = "[No Variations]"
Add component (AddParameter): Name = "Part Number"; Value = "TPH2900ENHL1QCT-ND"; VariantName = "[No Variations]"
Added Component: Designator=Q2(TPH2900ENH)
Add component. Clean all parameters for all variants
Add component (AddParameter): Name = "ComponentLink1Description"; Value = "TPH2900ENH"; VariantName = "[No Variations]"
Add component (AddParameter): Name = "ComponentLink1URL"; Value = "https://www.digikey.com/product-detail/en/toshiba-semiconductor-and-storage/TPH2900ENHL1Q/TPH2900ENHL1QCT-ND/5456291"; VariantName = "[No Variations]"
Add component (AddParameter): Name = "Manufacturer"; Value = "Toshiba"; VariantName = "[No Variations]"
Add component (AddParameter): Name = "Part Number"; Value = "TPH2900ENHL1QCT-ND"; VariantName = "[No Variations]"
Added Pin To Net: NetName=VBatt Pin=Q1-1
Added Pin To Net: NetName=VBatt Pin=Q1-1
Added Pin To Net: NetName=VBatt Pin=Q1-1
Added Pin To Net: NetName=VBatt Pin=Q1-1
Added Pin To Net: NetName=VBatt Pin=Q1-1
Added Pin To Net: NetName=NetQ1_2 Pin=Q1-2
Added Pin To Net: NetName=SW Pin=Q1-3
Added Pin To Net: NetName=SW Pin=Q1-3
Added Pin To Net: NetName=SW Pin=Q1-3
Added Pin To Net: NetName=SW Pin=Q2-1
Added Pin To Net: NetName=SW Pin=Q2-1
Added Pin To Net: NetName=SW Pin=Q2-1
Added Pin To Net: NetName=SW Pin=Q2-1
Added Pin To Net: NetName=SW Pin=Q2-1
Added Pin To Net: NetName=NetQ2_2 Pin=Q2-2
Added Pin To Net: NetName=GND Pin=Q2-3
Added Pin To Net: NetName=GND Pin=Q2-3
Added Pin To Net: NetName=GND Pin=Q2-3
Added Member To Class: ClassName=FEV-60_12V_Module Member=Component Q1 TPH2900ENH
Added Member To Class: ClassName=FEV-60_12V_Module Member=Component Q2 TPH2900ENH
Added Room: Name=FEV-60_12V_Module
