Removed Pin From Net: NetName=GND Pin=J1-2
Change Component Footprint: Designator=J1 Old Footprint=PHOE-1729128-2_V New Footprint=DSUB1.385-2H9
Change Component Comment : Designator=J1 Old Comment=1729128 New Comment=D Connector 9
Change component parameters: Designator = "J1"; Footprint = "DSUB1.385-2H9"; UniqueID = "\UYUOXCHC"
Change component parameters. Clean all parameters for all variants
Change component parameters (AddParameter): Name = "DatasheetDocument"; Value = "1-Sep-1999"; VariantName = "[No Variations]"
Change component parameters (AddParameter): Name = "Gender"; Value = "Receptacle"; VariantName = "[No Variations]"
Change component parameters (AddParameter): Name = "LatestRevisionDate"; Value = "17-Jul-2002"; VariantName = "[No Variations]"
Change component parameters (AddParameter): Name = "LatestRevisionNote"; Value = "Re-released for DXP Platform."; VariantName = "[No Variations]"
Change component parameters (AddParameter): Name = "Orientation"; Value = "Right Angle"; VariantName = "[No Variations]"
Change component parameters (AddParameter): Name = "PackageDocument"; Value = "O"; VariantName = "[No Variations]"
Change component parameters (AddParameter): Name = "PackageReference"; Value = "788750"; VariantName = "[No Variations]"
Change component parameters (AddParameter): Name = "Positions"; Value = "9"; VariantName = "[No Variations]"
Change component parameters (AddParameter): Name = "Published"; Value = "15-Jun-2001"; VariantName = "[No Variations]"
Change component parameters (AddParameter): Name = "Publisher"; Value = "Altium Limited"; VariantName = "[No Variations]"
Added Pin To Net: NetName=Vout Pin=J1-1
Added Pin To Net: NetName=Vout Pin=J1-2
Added Pin To Net: NetName=GND Pin=J1-3
Added Pin To Net: NetName=GND Pin=J1-4
Added Pin To Net: NetName=Vout Pin=J1-6
Added Pin To Net: NetName=Vout Pin=J1-7
Added Pin To Net: NetName=GND Pin=J1-8
Added Pin To Net: NetName=GND Pin=J1-9
Added Pin To Net: NetName=GND Pin=J1-10
Added Pin To Net: NetName=GND Pin=J1-11
Added Pin To Net: NetName=NetJ1_5 Pin=J1-5
Added Pin To Net: NetName=NetJ1_5 Pin=R1-2
Added Net: Name=NetJ1_5
Added Room: Name=FEV-60_12V_Module
