Removed Pin From Net: NetName=VBatt Pin=J1-1
Removed Pin From Net: NetName=Sense- Pin=J2-1
Change Component Footprint: Designator=R8 Old Footprint=12Z-2010 New Footprint=RESC2512(6432)_L
Change Component Footprint: Designator=C1 Old Footprint=1812 New Footprint=C2225
Change Component Comment : Designator=R8 Old Comment=Res3 New Comment=10m
Change component parameters: Designator = "R8"; Footprint = "RESC2512(6432)_L"; UniqueID = "\MAYKPIAM"
Change component parameters. Clean all parameters for all variants
Change component parameters (AddParameter): Name = "Case-EIA"; Value = "2512"; VariantName = "[No Variations]"
Change component parameters (AddParameter): Name = "Case-Metric"; Value = "6432"; VariantName = "[No Variations]"
Change component parameters (AddParameter): Name = "Manufacturer"; Value = "Rohm Semiconductor"; VariantName = "[No Variations]"
Change component parameters (AddParameter): Name = "Part Number"; Value = "PMR100HZPFU6L00"; VariantName = "[No Variations]"
Change component parameters (AddParameter): Name = "Power"; Value = "1 W"; VariantName = "[No Variations]"
Change component parameters (AddParameter): Name = "Technology"; Value = "SMT"; VariantName = "[No Variations]"
Change component parameters (AddParameter): Name = "Tolerance"; Value = "5 %"; VariantName = "[No Variations]"
Change component parameters (AddParameter): Name = "Value"; Value = "1.50 Ohm"; VariantName = "[No Variations]"
Added Component: Designator=C90(RB7.6-15)
Add component. Clean all parameters for all variants
Add component (AddParameter): Name = "LatestRevisionDate"; Value = "17-Jul-2002"; VariantName = "[No Variations]"
Add component (AddParameter): Name = "LatestRevisionNote"; Value = "Re-released for DXP Platform."; VariantName = "[No Variations]"
Add component (AddParameter): Name = "PackageDescription"; Value = "Polarized Capacitor (Radial); 2 Leads"; VariantName = "[No Variations]"
Add component (AddParameter): Name = "PackageReference"; Value = "RB7.6-15"; VariantName = "[No Variations]"
Add component (AddParameter): Name = "Published"; Value = "8-Jun-2000"; VariantName = "[No Variations]"
Add component (AddParameter): Name = "Publisher"; Value = "Altium Limited"; VariantName = "[No Variations]"
Add component (AddParameter): Name = "Value"; Value = "100pF"; VariantName = "[No Variations]"
Added Pin To Net: NetName=VBatt Pin=C90-1
Added Pin To Net: NetName=GND Pin=C90-2
Added Pin To Net: NetName=NetJ1_1 Pin=J1-1
Added Pin To Net: NetName=NetJ2_1 Pin=J2-1
Added Member To Class: ClassName=FEV-60_12V_Module Member=Component C90 Cap Pol1
Added Room: Name=FEV-60_12V_Module
