Added Component: Designator=CN1(HDR2X19)
Add component. Clean all parameters for all variants
Add component (AddParameter): Name = "Publisher"; Value = "Altium Limited"; VariantName = "[No Variations]"
Add component (AddParameter): Name = "Revision"; Value = "17-Jul-2002: Re-released for DXP Platform."; VariantName = "[No Variations]"
Added Component: Designator=CN2(HDR2X19)
Add component. Clean all parameters for all variants
Add component (AddParameter): Name = "Publisher"; Value = "Altium Limited"; VariantName = "[No Variations]"
Add component (AddParameter): Name = "Revision"; Value = "17-Jul-2002: Re-released for DXP Platform."; VariantName = "[No Variations]"
Added Pin To Net: NetName=+3.3 Pin=CN1-12
Added Pin To Net: NetName=+3.3 Pin=CN1-16
Added Pin To Net: NetName=GND Pin=CN1-19
Added Pin To Net: NetName=GND Pin=CN1-20
Added Pin To Net: NetName=GND Pin=CN1-22
Added Pin To Net: NetName=+12 Pin=CN1-24
Added Pin To Net: NetName=+12 Pin=CN1-26
Added Pin To Net: NetName=GND Pin=CN2-20
Added Pin To Net: NetName=CSENSE1 Pin=CN2-37
Added Net: Name=CSENSE1
Added Pin To Net: NetName=CSENSE2 Pin=CN1-32
Added Net: Name=CSENSE2
Added Pin To Net: NetName=CSENSE3 Pin=CN2-11
Added Net: Name=CSENSE3
Added Pin To Net: NetName=HALL1 Pin=CN2-16
Added Net: Name=HALL1
Added Pin To Net: NetName=HALL2 Pin=CN2-30
Added Net: Name=HALL2
Added Pin To Net: NetName=HALL3 Pin=CN2-28
Added Net: Name=HALL3
Added Pin To Net: NetName=HIN1 Pin=CN2-23
Added Net: Name=HIN1
Added Pin To Net: NetName=HIN2 Pin=CN2-21
Added Net: Name=HIN2
Added Pin To Net: NetName=HIN3 Pin=CN2-33
Added Net: Name=HIN3
Added Pin To Net: NetName=LIN1 Pin=CN2-4
Added Net: Name=LIN1
Added Pin To Net: NetName=LIN2 Pin=CN2-19
Added Net: Name=LIN2
Added Pin To Net: NetName=LIN3 Pin=CN1-34
Added Net: Name=LIN3
Added Pin To Net: NetName=PB8 Pin=CN2-3
Added Net: Name=PB8
Added Pin To Net: NetName=PB9 Pin=CN2-5
Added Net: Name=PB9
Added Pin To Net: NetName=THROTTLE Pin=CN2-13
Added Net: Name=THROTTLE
Added Pin To Net: NetName=VSENSE1 Pin=CN1-28
Added Net: Name=VSENSE1
Added Pin To Net: NetName=VSENSE2 Pin=CN1-30
Added Net: Name=VSENSE2
Added Pin To Net: NetName=VSENSE3 Pin=CN2-35
Added Net: Name=VSENSE3
Change Class Name : Old Net Name=FEV-60_Motor_Driver New Net Name=U_Connections&Ports
Added Class: Name=CSENSE[3..1]
Added Class: Name=HALL[3..1]
Added Class: Name=HIN[3..1]
Added Class: Name=LIN[3..1]
Added Class: Name=VSENSE[3..1]
Added Member To Class: ClassName=U_Connections&Ports Member=Component CN1 Header 19X2
Added Member To Class: ClassName=U_Connections&Ports Member=Component CN2 Header 19X2
Added Member To Class: ClassName=CN2_Nets Member=Element[1]: CSENSE
Added Member To Class: ClassName=CN1_Nets Member=Element[2]: CSENSE
Added Member To Class: ClassName=CN2_Nets Member=Element[3]: CSENSE
Added Member To Class: ClassName=CN2_Nets Member=Element[1]: HALL
Added Member To Class: ClassName=CN2_Nets Member=Element[2]: HALL
Added Member To Class: ClassName=CN2_Nets Member=Element[3]: HALL
Added Member To Class: ClassName=CN2_Nets Member=Element[1]: HIN
Added Member To Class: ClassName=CN2_Nets Member=Element[2]: HIN
Added Member To Class: ClassName=CN2_Nets Member=Element[3]: HIN
Added Member To Class: ClassName=CN2_Nets Member=Element[1]: LIN
Added Member To Class: ClassName=CN2_Nets Member=Element[2]: LIN
Added Member To Class: ClassName=CN1_Nets Member=Element[3]: LIN
Added Member To Class: ClassName=CN2_Nets Member=Wire PB8
Added Member To Class: ClassName=CN2_Nets Member=Wire PB9
Added Member To Class: ClassName=CN2_Nets Member=Wire THROTTLE
Added Member To Class: ClassName=CN1_Nets Member=Element[1]: VSENSE
Added Member To Class: ClassName=CN1_Nets Member=Element[2]: VSENSE
Added Member To Class: ClassName=CN2_Nets Member=Element[3]: VSENSE
Added Room: Name=U_Connections&Ports
