Removed Member From Class: ClassName=Q1_P1_Nets Member=NetQ1_P1_1
Removed Member From Class: ClassName=Q1_P2_Nets Member=NetQ1_P2_1
Removed Member From Class: ClassName=Q1_P3_Nets Member=NetQ1_P3_1
Removed Member From Class: ClassName=U1_S1_Nets Member=NetU1_S1_1
Removed Member From Class: ClassName=U1_S1_Nets Member=NetU1_S1_6
Removed Member From Class: ClassName=U1_S2_Nets Member=NetU1_S2_1
Removed Member From Class: ClassName=U1_S2_Nets Member=NetU1_S2_6
Removed Member From Class: ClassName=U1_S3_Nets Member=NetU1_S3_1
Removed Member From Class: ClassName=U1_S3_Nets Member=NetU1_S3_6
Added Pin To Net: NetName=HIN1 Pin=Q1_P1-1
Added Pin To Net: NetName=HIN2 Pin=Q1_P2-1
Added Pin To Net: NetName=HIN3 Pin=Q1_P3-1
Added Pin To Net: NetName=VSENSE1 Pin=U1_S1-1
Added Pin To Net: NetName=VSENSE1 Pin=U1_S1-2
Added Pin To Net: NetName=CSENSE1 Pin=U1_S1-6
Added Pin To Net: NetName=CSENSE1 Pin=U1_S1-7
Added Pin To Net: NetName=VSENSE2 Pin=U1_S2-1
Added Pin To Net: NetName=VSENSE2 Pin=U1_S2-2
Added Pin To Net: NetName=CSENSE2 Pin=U1_S2-6
Added Pin To Net: NetName=CSENSE2 Pin=U1_S2-7
Added Pin To Net: NetName=VSENSE3 Pin=U1_S3-1
Added Pin To Net: NetName=VSENSE3 Pin=U1_S3-2
Added Pin To Net: NetName=CSENSE3 Pin=U1_S3-6
Added Pin To Net: NetName=CSENSE3 Pin=U1_S3-7
Added Member To Class: ClassName=U1_S1_Nets Member=Element[1]: CSENSE
Added Member To Class: ClassName=U1_S2_Nets Member=Element[2]: CSENSE
Added Member To Class: ClassName=U1_S3_Nets Member=Element[3]: CSENSE
Added Member To Class: ClassName=Q1_P1_Nets Member=Element[1]: HIN
Added Member To Class: ClassName=Q1_P2_Nets Member=Element[2]: HIN
Added Member To Class: ClassName=Q1_P3_Nets Member=Element[3]: HIN
Added Member To Class: ClassName=U1_S1_Nets Member=Element[1]: VSENSE
Added Member To Class: ClassName=U1_S2_Nets Member=Element[2]: VSENSE
Added Member To Class: ClassName=U1_S3_Nets Member=Element[3]: VSENSE
